  common.cpp
C:\Users\D3\Desktop\BigBaseV2-master\BigBaseV2\AresMods\AresMods\src\logger.hpp(30,1): warning C4530: C++ exception handler used, but unwind semantics are not enabled. Specify /EHsc
  detour_hook.cpp
C:\Users\D3\Desktop\BigBaseV2-master\BigBaseV2\AresMods\vendor\fmtlib\include\fmt\core.h(203,1): warning C4996: 'std::result_of<fmt::v5::internal::custom_formatter<Char,Context> (int)>': warning STL4014: std::result_of and std::result_of_t are deprecated in C++17. They are superseded by std::invoke_result and std::invoke_result_t. You can define _SILENCE_CXX17_RESULT_OF_DEPRECATION_WARNING or _SILENCE_ALL_CXX17_DEPRECATION_WARNINGS to acknowledge that you have received this warning.
          with
          [
              Char=char,
              Context=fmt::v5::format_context
          ]
E:\VisualStudio2019\VC\Tools\MSVC\14.26.28801\include\type_traits(1708,45): message : see declaration of 'std::result_of'
C:\Users\D3\Desktop\BigBaseV2-master\BigBaseV2\AresMods\vendor\fmtlib\include\fmt\format.h(3104): message : see reference to class template instantiation 'fmt::v5::internal::result_of<fmt::v5::internal::custom_formatter<Char,Context> &(int)>' being compiled
          with
          [
              Char=char,
              Context=fmt::v5::format_context
          ]
C:\Users\D3\Desktop\BigBaseV2-master\BigBaseV2\AresMods\vendor\fmtlib\include\fmt\core.h(831): message : see reference to function template instantiation 'internal::result_of<Visitor(int)>::type fmt::v5::visit_format_arg(Visitor &&,const fmt::v5::basic_format_arg<Ctx> &)' being compiled
C:\Users\D3\Desktop\BigBaseV2-master\BigBaseV2\AresMods\vendor\fmtlib\include\fmt\format.h(3100): message : while compiling class template member function 'const Char *fmt::v5::format_handler<ArgFormatter,Char,Context>::on_format_specs(const Char *,const Char *)'
          with
          [
              Char=char,
              ArgFormatter=fmt::v5::arg_formatter<range>,
              Context=fmt::v5::format_context
          ]
C:\Users\D3\Desktop\BigBaseV2-master\BigBaseV2\AresMods\vendor\fmtlib\include\fmt\format.h(2040): message : see reference to function template instantiation 'const Char *fmt::v5::format_handler<ArgFormatter,Char,Context>::on_format_specs(const Char *,const Char *)' being compiled
          with
          [
              Char=char,
              ArgFormatter=fmt::v5::arg_formatter<range>,
              Context=fmt::v5::format_context
          ]
C:\Users\D3\Desktop\BigBaseV2-master\BigBaseV2\AresMods\vendor\fmtlib\include\fmt\format.h(3129): message : see reference to class template instantiation 'fmt::v5::format_handler<ArgFormatter,Char,Context>' being compiled
          with
          [
              ArgFormatter=fmt::v5::arg_formatter<range>,
              Char=char,
              Context=fmt::v5::format_context
          ]
C:\Users\D3\Desktop\BigBaseV2-master\BigBaseV2\AresMods\vendor\fmtlib\include\fmt\format.h(3238): message : see reference to function template instantiation 'OutputIt fmt::v5::vformat_to<fmt::v5::arg_formatter<range>,char,fmt::v5::format_context>(fmt::v5::back_insert_range<fmt::v5::internal::buffer>,fmt::v5::basic_string_view<char>,fmt::v5::basic_format_args<fmt::v5::format_context>,fmt::v5::internal::locale_ref)' being compiled
          with
          [
              OutputIt=std::back_insert_iterator<fmt::v5::internal::basic_buffer<char>>
          ]
C:\Users\D3\Desktop\BigBaseV2-master\BigBaseV2\AresMods\vendor\fmtlib\include\fmt\format.h(3414): message : see reference to function template instantiation 'OutputIt fmt::v5::internal::vformat_to<char>(fmt::v5::internal::basic_buffer<char> &,fmt::v5::basic_string_view<char>,fmt::v5::basic_format_args<fmt::v5::format_context>)' being compiled
          with
          [
              OutputIt=std::back_insert_iterator<fmt::v5::internal::basic_buffer<char>>
          ]
C:\Users\D3\Desktop\BigBaseV2-master\BigBaseV2\AresMods\vendor\fmtlib\include\fmt\core.h(1455): message : see reference to function template instantiation 'std::basic_string<char,std::char_traits<char>,std::allocator<char>> fmt::v5::internal::vformat<char>(fmt::v5::basic_string_view<char>,fmt::v5::basic_format_args<fmt::v5::format_context>)' being compiled
C:\Users\D3\Desktop\BigBaseV2-master\BigBaseV2\AresMods\AresMods\src\detour_hook.cpp(22): message : see reference to function template instantiation 'std::basic_string<char,std::char_traits<char>,std::allocator<char>> fmt::v5::format<char[49],std::string,uintptr_t,const char*>(const S (&),const std::string &,const uintptr_t &,const char *const &)' being compiled
          with
          [
              S=char [49]
          ]
C:\Users\D3\Desktop\BigBaseV2-master\BigBaseV2\AresMods\vendor\fmtlib\include\fmt\core.h(203,1): warning C4996: 'std::result_of<fmt::v5::arg_formatter<range> (int)>': warning STL4014: std::result_of and std::result_of_t are deprecated in C++17. They are superseded by std::invoke_result and std::invoke_result_t. You can define _SILENCE_CXX17_RESULT_OF_DEPRECATION_WARNING or _SILENCE_ALL_CXX17_DEPRECATION_WARNINGS to acknowledge that you have received this warning.
E:\VisualStudio2019\VC\Tools\MSVC\14.26.28801\include\type_traits(1708,45): message : see declaration of 'std::result_of'
C:\Users\D3\Desktop\BigBaseV2-master\BigBaseV2\AresMods\vendor\fmtlib\include\fmt\format.h(3114): message : see reference to class template instantiation 'fmt::v5::internal::result_of<ArgFormatter (int)>' being compiled
          with
          [
              ArgFormatter=fmt::v5::arg_formatter<range>
          ]
C:\Users\D3\Desktop\BigBaseV2-master\BigBaseV2\AresMods\vendor\fmtlib\include\fmt\core.h(831): message : see reference to function template instantiation 'internal::result_of<Visitor(int)>::type fmt::v5::visit_format_arg(Visitor &&,const fmt::v5::basic_format_arg<Ctx> &)' being compiled
C:\Users\D3\Desktop\BigBaseV2-master\BigBaseV2\AresMods\vendor\fmtlib\include\fmt\core.h(203,1): warning C4996: 'std::result_of<fmt::v5::internal::precision_checker<ErrorHandler> (int)>': warning STL4014: std::result_of and std::result_of_t are deprecated in C++17. They are superseded by std::invoke_result and std::invoke_result_t. You can define _SILENCE_CXX17_RESULT_OF_DEPRECATION_WARNING or _SILENCE_ALL_CXX17_DEPRECATION_WARNINGS to acknowledge that you have received this warning.
          with
          [
              ErrorHandler=fmt::v5::internal::error_handler
          ]
E:\VisualStudio2019\VC\Tools\MSVC\14.26.28801\include\type_traits(1708,45): message : see declaration of 'std::result_of'
C:\Users\D3\Desktop\BigBaseV2-master\BigBaseV2\AresMods\vendor\fmtlib\include\fmt\format.h(1657): message : see reference to class template instantiation 'fmt::v5::internal::result_of<fmt::v5::internal::precision_checker<ErrorHandler> (int)>' being compiled
          with
          [
              ErrorHandler=fmt::v5::internal::error_handler
          ]
C:\Users\D3\Desktop\BigBaseV2-master\BigBaseV2\AresMods\vendor\fmtlib\include\fmt\core.h(831): message : see reference to function template instantiation 'internal::result_of<Visitor(int)>::type fmt::v5::visit_format_arg(Visitor &&,const fmt::v5::basic_format_arg<Ctx> &)' being compiled
C:\Users\D3\Desktop\BigBaseV2-master\BigBaseV2\AresMods\vendor\fmtlib\include\fmt\format.h(1684): message : see reference to function template instantiation 'void fmt::v5::internal::set_dynamic_spec<fmt::v5::internal::precision_checker,int,Context,fmt::v5::internal::error_handler>(T &,fmt::v5::basic_format_arg<Context>,ErrorHandler)' being compiled
          with
          [
              Context=fmt::v5::format_context,
              T=int,
              ErrorHandler=fmt::v5::internal::error_handler
          ]
C:\Users\D3\Desktop\BigBaseV2-master\BigBaseV2\AresMods\vendor\fmtlib\include\fmt\format.h(1837): message : see reference to function template instantiation 'void fmt::v5::internal::specs_handler<Context>::on_dynamic_precision<fmt::v5::basic_string_view<char>>(Id)' being compiled
          with
          [
              Context=fmt::v5::format_context,
              Id=fmt::v5::basic_string_view<char>
          ]
C:\Users\D3\Desktop\BigBaseV2-master\BigBaseV2\AresMods\vendor\fmtlib\include\fmt\format.h(1837): message : see reference to function template instantiation 'void fmt::v5::internal::specs_handler<Context>::on_dynamic_precision<fmt::v5::basic_string_view<char>>(Id)' being compiled
          with
          [
              Context=fmt::v5::format_context,
              Id=fmt::v5::basic_string_view<char>
          ]
C:\Users\D3\Desktop\BigBaseV2-master\BigBaseV2\AresMods\vendor\fmtlib\include\fmt\format.h(1836): message : while compiling class template member function 'void fmt::v5::internal::precision_adapter<SpecHandler,Char>::operator ()(fmt::v5::basic_string_view<Char>)'
          with
          [
              SpecHandler=fmt::v5::internal::specs_checker<fmt::v5::internal::specs_handler<fmt::v5::format_context>> &,
              Char=char
          ]
C:\Users\D3\Desktop\BigBaseV2-master\BigBaseV2\AresMods\vendor\fmtlib\include\fmt\format.h(1805): message : see reference to function template instantiation 'void fmt::v5::internal::precision_adapter<SpecHandler,Char>::operator ()(fmt::v5::basic_string_view<Char>)' being compiled
          with
          [
              SpecHandler=fmt::v5::internal::specs_checker<fmt::v5::internal::specs_handler<fmt::v5::format_context>> &,
              Char=char
          ]
C:\Users\D3\Desktop\BigBaseV2-master\BigBaseV2\AresMods\vendor\fmtlib\include\fmt\format.h(1952): message : see reference to class template instantiation 'fmt::v5::internal::precision_adapter<SpecHandler,Char>' being compiled
          with
          [
              SpecHandler=fmt::v5::internal::specs_checker<fmt::v5::internal::specs_handler<fmt::v5::format_context>> &,
              Char=char
          ]
C:\Users\D3\Desktop\BigBaseV2-master\BigBaseV2\AresMods\vendor\fmtlib\include\fmt\format.h(3110): message : see reference to function template instantiation 'const Char *fmt::v5::internal::parse_format_specs<Char,fmt::v5::internal::specs_checker<fmt::v5::internal::specs_handler<Context>>&>(const Char *,const Char *,SpecHandler)' being compiled
          with
          [
              Char=char,
              Context=fmt::v5::format_context,
              SpecHandler=fmt::v5::internal::specs_checker<fmt::v5::internal::specs_handler<fmt::v5::format_context>> &
          ]
C:\Users\D3\Desktop\BigBaseV2-master\BigBaseV2\AresMods\vendor\fmtlib\include\fmt\format.h(3100): message : while compiling class template member function 'const Char *fmt::v5::format_handler<ArgFormatter,Char,Context>::on_format_specs(const Char *,const Char *)'
          with
          [
              Char=char,
              ArgFormatter=fmt::v5::arg_formatter<range>,
              Context=fmt::v5::format_context
          ]
C:\Users\D3\Desktop\BigBaseV2-master\BigBaseV2\AresMods\vendor\fmtlib\include\fmt\format.h(2040): message : see reference to function template instantiation 'const Char *fmt::v5::format_handler<ArgFormatter,Char,Context>::on_format_specs(const Char *,const Char *)' being compiled
          with
          [
              Char=char,
              ArgFormatter=fmt::v5::arg_formatter<range>,
              Context=fmt::v5::format_context
          ]
C:\Users\D3\Desktop\BigBaseV2-master\BigBaseV2\AresMods\vendor\fmtlib\include\fmt\core.h(203,1): warning C4996: 'std::result_of<fmt::v5::internal::width_checker<ErrorHandler> (int)>': warning STL4014: std::result_of and std::result_of_t are deprecated in C++17. They are superseded by std::invoke_result and std::invoke_result_t. You can define _SILENCE_CXX17_RESULT_OF_DEPRECATION_WARNING or _SILENCE_ALL_CXX17_DEPRECATION_WARNINGS to acknowledge that you have received this warning.
          with
          [
              ErrorHandler=fmt::v5::internal::error_handler
          ]
E:\VisualStudio2019\VC\Tools\MSVC\14.26.28801\include\type_traits(1708,45): message : see declaration of 'std::result_of'
C:\Users\D3\Desktop\BigBaseV2-master\BigBaseV2\AresMods\vendor\fmtlib\include\fmt\format.h(1657): message : see reference to class template instantiation 'fmt::v5::internal::result_of<fmt::v5::internal::width_checker<ErrorHandler> (int)>' being compiled
          with
          [
              ErrorHandler=fmt::v5::internal::error_handler
          ]
C:\Users\D3\Desktop\BigBaseV2-master\BigBaseV2\AresMods\vendor\fmtlib\include\fmt\core.h(831): message : see reference to function template instantiation 'internal::result_of<Visitor(int)>::type fmt::v5::visit_format_arg(Visitor &&,const fmt::v5::basic_format_arg<Ctx> &)' being compiled
C:\Users\D3\Desktop\BigBaseV2-master\BigBaseV2\AresMods\vendor\fmtlib\include\fmt\format.h(1678): message : see reference to function template instantiation 'void fmt::v5::internal::set_dynamic_spec<fmt::v5::internal::width_checker,unsigned int,Context,fmt::v5::internal::error_handler>(T &,fmt::v5::basic_format_arg<Context>,ErrorHandler)' being compiled
          with
          [
              Context=fmt::v5::format_context,
              T=unsigned int,
              ErrorHandler=fmt::v5::internal::error_handler
          ]
C:\Users\D3\Desktop\BigBaseV2-master\BigBaseV2\AresMods\vendor\fmtlib\include\fmt\format.h(1817): message : see reference to function template instantiation 'void fmt::v5::internal::specs_handler<Context>::on_dynamic_width<fmt::v5::basic_string_view<char>>(Id)' being compiled
          with
          [
              Context=fmt::v5::format_context,
              Id=fmt::v5::basic_string_view<char>
          ]
C:\Users\D3\Desktop\BigBaseV2-master\BigBaseV2\AresMods\vendor\fmtlib\include\fmt\format.h(1817): message : see reference to function template instantiation 'void fmt::v5::internal::specs_handler<Context>::on_dynamic_width<fmt::v5::basic_string_view<char>>(Id)' being compiled
          with
          [
              Context=fmt::v5::format_context,
              Id=fmt::v5::basic_string_view<char>
          ]
C:\Users\D3\Desktop\BigBaseV2-master\BigBaseV2\AresMods\vendor\fmtlib\include\fmt\format.h(1816): message : while compiling class template member function 'void fmt::v5::internal::width_adapter<Handler,Char>::operator ()(fmt::v5::basic_string_view<Char>)'
          with
          [
              Handler=fmt::v5::internal::specs_checker<fmt::v5::internal::specs_handler<fmt::v5::format_context>> &,
              Char=char
          ]
C:\Users\D3\Desktop\BigBaseV2-master\BigBaseV2\AresMods\vendor\fmtlib\include\fmt\format.h(1805): message : see reference to function template instantiation 'void fmt::v5::internal::width_adapter<Handler,Char>::operator ()(fmt::v5::basic_string_view<Char>)' being compiled
          with
          [
              Handler=fmt::v5::internal::specs_checker<fmt::v5::internal::specs_handler<fmt::v5::format_context>> &,
              Char=char
          ]
C:\Users\D3\Desktop\BigBaseV2-master\BigBaseV2\AresMods\vendor\fmtlib\include\fmt\format.h(1892): message : see reference to class template instantiation 'fmt::v5::internal::width_adapter<Handler,Char>' being compiled
          with
          [
              Handler=fmt::v5::internal::specs_checker<fmt::v5::internal::specs_handler<fmt::v5::format_context>> &,
              Char=char
          ]
C:\Users\D3\Desktop\BigBaseV2-master\BigBaseV2\AresMods\vendor\fmtlib\include\fmt\format.h(1939): message : see reference to function template instantiation 'const Char *fmt::v5::internal::parse_width<Char,fmt::v5::internal::specs_checker<fmt::v5::internal::specs_handler<Context>>&>(const Char *,const Char *,Handler)' being compiled
          with
          [
              Char=char,
              Context=fmt::v5::format_context,
              Handler=fmt::v5::internal::specs_checker<fmt::v5::internal::specs_handler<fmt::v5::format_context>> &
          ]
  features.cpp
  fiber_pool.cpp
  fonts.cpp
  gui.cpp
  hooking.cpp
  invoker.cpp
C:\Users\D3\Desktop\BigBaseV2-master\BigBaseV2\AresMods\vendor\fmtlib\include\fmt\core.h(203,1): warning C4996: 'std::result_of<fmt::v5::internal::custom_formatter<Char,Context> (int)>': warning STL4014: std::result_of and std::result_of_t are deprecated in C++17. They are superseded by std::invoke_result and std::invoke_result_t. You can define _SILENCE_CXX17_RESULT_OF_DEPRECATION_WARNING or _SILENCE_ALL_CXX17_DEPRECATION_WARNINGS to acknowledge that you have received this warning.
          with
          [
              Char=char,
              Context=fmt::v5::format_context
          ]
E:\VisualStudio2019\VC\Tools\MSVC\14.26.28801\include\type_traits(1708,45): message : see declaration of 'std::result_of'
C:\Users\D3\Desktop\BigBaseV2-master\BigBaseV2\AresMods\vendor\fmtlib\include\fmt\format.h(3104): message : see reference to class template instantiation 'fmt::v5::internal::result_of<fmt::v5::internal::custom_formatter<Char,Context> &(int)>' being compiled
          with
          [
              Char=char,
              Context=fmt::v5::format_context
          ]
C:\Users\D3\Desktop\BigBaseV2-master\BigBaseV2\AresMods\vendor\fmtlib\include\fmt\core.h(831): message : see reference to function template instantiation 'internal::result_of<Visitor(int)>::type fmt::v5::visit_format_arg(Visitor &&,const fmt::v5::basic_format_arg<Ctx> &)' being compiled
C:\Users\D3\Desktop\BigBaseV2-master\BigBaseV2\AresMods\vendor\fmtlib\include\fmt\format.h(3100): message : while compiling class template member function 'const Char *fmt::v5::format_handler<ArgFormatter,Char,Context>::on_format_specs(const Char *,const Char *)'
          with
          [
              Char=char,
              ArgFormatter=fmt::v5::arg_formatter<range>,
              Context=fmt::v5::format_context
          ]
C:\Users\D3\Desktop\BigBaseV2-master\BigBaseV2\AresMods\vendor\fmtlib\include\fmt\format.h(2040): message : see reference to function template instantiation 'const Char *fmt::v5::format_handler<ArgFormatter,Char,Context>::on_format_specs(const Char *,const Char *)' being compiled
          with
          [
              Char=char,
              ArgFormatter=fmt::v5::arg_formatter<range>,
              Context=fmt::v5::format_context
          ]
C:\Users\D3\Desktop\BigBaseV2-master\BigBaseV2\AresMods\vendor\fmtlib\include\fmt\format.h(3129): message : see reference to class template instantiation 'fmt::v5::format_handler<ArgFormatter,Char,Context>' being compiled
          with
          [
              ArgFormatter=fmt::v5::arg_formatter<range>,
              Char=char,
              Context=fmt::v5::format_context
          ]
C:\Users\D3\Desktop\BigBaseV2-master\BigBaseV2\AresMods\vendor\fmtlib\include\fmt\format.h(3238): message : see reference to function template instantiation 'OutputIt fmt::v5::vformat_to<fmt::v5::arg_formatter<range>,char,fmt::v5::format_context>(fmt::v5::back_insert_range<fmt::v5::internal::buffer>,fmt::v5::basic_string_view<char>,fmt::v5::basic_format_args<fmt::v5::format_context>,fmt::v5::internal::locale_ref)' being compiled
          with
          [
              OutputIt=std::back_insert_iterator<fmt::v5::internal::basic_buffer<char>>
          ]
C:\Users\D3\Desktop\BigBaseV2-master\BigBaseV2\AresMods\vendor\fmtlib\include\fmt\format.h(3414): message : see reference to function template instantiation 'OutputIt fmt::v5::internal::vformat_to<char>(fmt::v5::internal::basic_buffer<char> &,fmt::v5::basic_string_view<char>,fmt::v5::basic_format_args<fmt::v5::format_context>)' being compiled
          with
          [
              OutputIt=std::back_insert_iterator<fmt::v5::internal::basic_buffer<char>>
          ]
C:\Users\D3\Desktop\BigBaseV2-master\BigBaseV2\AresMods\vendor\fmtlib\include\fmt\core.h(1455): message : see reference to function template instantiation 'std::basic_string<char,std::char_traits<char>,std::allocator<char>> fmt::v5::internal::vformat<char>(fmt::v5::basic_string_view<char>,fmt::v5::basic_format_args<fmt::v5::format_context>)' being compiled
C:\Users\D3\Desktop\BigBaseV2-master\BigBaseV2\AresMods\AresMods\src\logger.hpp(85): message : see reference to function template instantiation 'std::basic_string<char,std::char_traits<char>,std::allocator<char>> fmt::v5::format<char[23],int,int,int>(const S (&),const int &,const int &,const int &)' being compiled
          with
          [
              S=char [23]
          ]
C:\Users\D3\Desktop\BigBaseV2-master\BigBaseV2\AresMods\AresMods\src\logger.hpp(140): message : see reference to function template instantiation 'void big::logger::log<rage::scrNativeHash>(big::log_color,std::string_view,std::string_view,const rage::scrNativeHash &)' being compiled
C:\Users\D3\Desktop\BigBaseV2-master\BigBaseV2\AresMods\AresMods\src\invoker.cpp(44): message : see reference to function template instantiation 'void big::log_error<rage::scrNativeHash>(std::string_view,const rage::scrNativeHash &)' being compiled
C:\Users\D3\Desktop\BigBaseV2-master\BigBaseV2\AresMods\vendor\fmtlib\include\fmt\core.h(203,1): warning C4996: 'std::result_of<fmt::v5::arg_formatter<range> (int)>': warning STL4014: std::result_of and std::result_of_t are deprecated in C++17. They are superseded by std::invoke_result and std::invoke_result_t. You can define _SILENCE_CXX17_RESULT_OF_DEPRECATION_WARNING or _SILENCE_ALL_CXX17_DEPRECATION_WARNINGS to acknowledge that you have received this warning.
E:\VisualStudio2019\VC\Tools\MSVC\14.26.28801\include\type_traits(1708,45): message : see declaration of 'std::result_of'
C:\Users\D3\Desktop\BigBaseV2-master\BigBaseV2\AresMods\vendor\fmtlib\include\fmt\format.h(3114): message : see reference to class template instantiation 'fmt::v5::internal::result_of<ArgFormatter (int)>' being compiled
          with
          [
              ArgFormatter=fmt::v5::arg_formatter<range>
          ]
C:\Users\D3\Desktop\BigBaseV2-master\BigBaseV2\AresMods\vendor\fmtlib\include\fmt\core.h(831): message : see reference to function template instantiation 'internal::result_of<Visitor(int)>::type fmt::v5::visit_format_arg(Visitor &&,const fmt::v5::basic_format_arg<Ctx> &)' being compiled
C:\Users\D3\Desktop\BigBaseV2-master\BigBaseV2\AresMods\vendor\fmtlib\include\fmt\core.h(203,1): warning C4996: 'std::result_of<fmt::v5::internal::precision_checker<ErrorHandler> (int)>': warning STL4014: std::result_of and std::result_of_t are deprecated in C++17. They are superseded by std::invoke_result and std::invoke_result_t. You can define _SILENCE_CXX17_RESULT_OF_DEPRECATION_WARNING or _SILENCE_ALL_CXX17_DEPRECATION_WARNINGS to acknowledge that you have received this warning.
          with
          [
              ErrorHandler=fmt::v5::internal::error_handler
          ]
E:\VisualStudio2019\VC\Tools\MSVC\14.26.28801\include\type_traits(1708,45): message : see declaration of 'std::result_of'
C:\Users\D3\Desktop\BigBaseV2-master\BigBaseV2\AresMods\vendor\fmtlib\include\fmt\format.h(1657): message : see reference to class template instantiation 'fmt::v5::internal::result_of<fmt::v5::internal::precision_checker<ErrorHandler> (int)>' being compiled
          with
          [
              ErrorHandler=fmt::v5::internal::error_handler
          ]
C:\Users\D3\Desktop\BigBaseV2-master\BigBaseV2\AresMods\vendor\fmtlib\include\fmt\core.h(831): message : see reference to function template instantiation 'internal::result_of<Visitor(int)>::type fmt::v5::visit_format_arg(Visitor &&,const fmt::v5::basic_format_arg<Ctx> &)' being compiled
C:\Users\D3\Desktop\BigBaseV2-master\BigBaseV2\AresMods\vendor\fmtlib\include\fmt\format.h(1684): message : see reference to function template instantiation 'void fmt::v5::internal::set_dynamic_spec<fmt::v5::internal::precision_checker,int,Context,fmt::v5::internal::error_handler>(T &,fmt::v5::basic_format_arg<Context>,ErrorHandler)' being compiled
          with
          [
              Context=fmt::v5::format_context,
              T=int,
              ErrorHandler=fmt::v5::internal::error_handler
          ]
C:\Users\D3\Desktop\BigBaseV2-master\BigBaseV2\AresMods\vendor\fmtlib\include\fmt\format.h(1837): message : see reference to function template instantiation 'void fmt::v5::internal::specs_handler<Context>::on_dynamic_precision<fmt::v5::basic_string_view<char>>(Id)' being compiled
          with
          [
              Context=fmt::v5::format_context,
              Id=fmt::v5::basic_string_view<char>
          ]
C:\Users\D3\Desktop\BigBaseV2-master\BigBaseV2\AresMods\vendor\fmtlib\include\fmt\format.h(1837): message : see reference to function template instantiation 'void fmt::v5::internal::specs_handler<Context>::on_dynamic_precision<fmt::v5::basic_string_view<char>>(Id)' being compiled
          with
          [
              Context=fmt::v5::format_context,
              Id=fmt::v5::basic_string_view<char>
          ]
C:\Users\D3\Desktop\BigBaseV2-master\BigBaseV2\AresMods\vendor\fmtlib\include\fmt\format.h(1836): message : while compiling class template member function 'void fmt::v5::internal::precision_adapter<SpecHandler,Char>::operator ()(fmt::v5::basic_string_view<Char>)'
          with
          [
              SpecHandler=fmt::v5::internal::specs_checker<fmt::v5::internal::specs_handler<fmt::v5::format_context>> &,
              Char=char
          ]
C:\Users\D3\Desktop\BigBaseV2-master\BigBaseV2\AresMods\vendor\fmtlib\include\fmt\format.h(1805): message : see reference to function template instantiation 'void fmt::v5::internal::precision_adapter<SpecHandler,Char>::operator ()(fmt::v5::basic_string_view<Char>)' being compiled
          with
          [
              SpecHandler=fmt::v5::internal::specs_checker<fmt::v5::internal::specs_handler<fmt::v5::format_context>> &,
              Char=char
          ]
C:\Users\D3\Desktop\BigBaseV2-master\BigBaseV2\AresMods\vendor\fmtlib\include\fmt\format.h(1952): message : see reference to class template instantiation 'fmt::v5::internal::precision_adapter<SpecHandler,Char>' being compiled
          with
          [
              SpecHandler=fmt::v5::internal::specs_checker<fmt::v5::internal::specs_handler<fmt::v5::format_context>> &,
              Char=char
          ]
C:\Users\D3\Desktop\BigBaseV2-master\BigBaseV2\AresMods\vendor\fmtlib\include\fmt\format.h(3110): message : see reference to function template instantiation 'const Char *fmt::v5::internal::parse_format_specs<Char,fmt::v5::internal::specs_checker<fmt::v5::internal::specs_handler<Context>>&>(const Char *,const Char *,SpecHandler)' being compiled
          with
          [
              Char=char,
              Context=fmt::v5::format_context,
              SpecHandler=fmt::v5::internal::specs_checker<fmt::v5::internal::specs_handler<fmt::v5::format_context>> &
          ]
C:\Users\D3\Desktop\BigBaseV2-master\BigBaseV2\AresMods\vendor\fmtlib\include\fmt\format.h(3100): message : while compiling class template member function 'const Char *fmt::v5::format_handler<ArgFormatter,Char,Context>::on_format_specs(const Char *,const Char *)'
          with
          [
              Char=char,
              ArgFormatter=fmt::v5::arg_formatter<range>,
              Context=fmt::v5::format_context
          ]
C:\Users\D3\Desktop\BigBaseV2-master\BigBaseV2\AresMods\vendor\fmtlib\include\fmt\format.h(2040): message : see reference to function template instantiation 'const Char *fmt::v5::format_handler<ArgFormatter,Char,Context>::on_format_specs(const Char *,const Char *)' being compiled
          with
          [
              Char=char,
              ArgFormatter=fmt::v5::arg_formatter<range>,
              Context=fmt::v5::format_context
          ]
C:\Users\D3\Desktop\BigBaseV2-master\BigBaseV2\AresMods\vendor\fmtlib\include\fmt\core.h(203,1): warning C4996: 'std::result_of<fmt::v5::internal::width_checker<ErrorHandler> (int)>': warning STL4014: std::result_of and std::result_of_t are deprecated in C++17. They are superseded by std::invoke_result and std::invoke_result_t. You can define _SILENCE_CXX17_RESULT_OF_DEPRECATION_WARNING or _SILENCE_ALL_CXX17_DEPRECATION_WARNINGS to acknowledge that you have received this warning.
          with
          [
              ErrorHandler=fmt::v5::internal::error_handler
          ]
E:\VisualStudio2019\VC\Tools\MSVC\14.26.28801\include\type_traits(1708,45): message : see declaration of 'std::result_of'
C:\Users\D3\Desktop\BigBaseV2-master\BigBaseV2\AresMods\vendor\fmtlib\include\fmt\format.h(1657): message : see reference to class template instantiation 'fmt::v5::internal::result_of<fmt::v5::internal::width_checker<ErrorHandler> (int)>' being compiled
          with
          [
              ErrorHandler=fmt::v5::internal::error_handler
          ]
C:\Users\D3\Desktop\BigBaseV2-master\BigBaseV2\AresMods\vendor\fmtlib\include\fmt\core.h(831): message : see reference to function template instantiation 'internal::result_of<Visitor(int)>::type fmt::v5::visit_format_arg(Visitor &&,const fmt::v5::basic_format_arg<Ctx> &)' being compiled
C:\Users\D3\Desktop\BigBaseV2-master\BigBaseV2\AresMods\vendor\fmtlib\include\fmt\format.h(1678): message : see reference to function template instantiation 'void fmt::v5::internal::set_dynamic_spec<fmt::v5::internal::width_checker,unsigned int,Context,fmt::v5::internal::error_handler>(T &,fmt::v5::basic_format_arg<Context>,ErrorHandler)' being compiled
          with
          [
              Context=fmt::v5::format_context,
              T=unsigned int,
              ErrorHandler=fmt::v5::internal::error_handler
          ]
C:\Users\D3\Desktop\BigBaseV2-master\BigBaseV2\AresMods\vendor\fmtlib\include\fmt\format.h(1817): message : see reference to function template instantiation 'void fmt::v5::internal::specs_handler<Context>::on_dynamic_width<fmt::v5::basic_string_view<char>>(Id)' being compiled
          with
          [
              Context=fmt::v5::format_context,
              Id=fmt::v5::basic_string_view<char>
          ]
C:\Users\D3\Desktop\BigBaseV2-master\BigBaseV2\AresMods\vendor\fmtlib\include\fmt\format.h(1817): message : see reference to function template instantiation 'void fmt::v5::internal::specs_handler<Context>::on_dynamic_width<fmt::v5::basic_string_view<char>>(Id)' being compiled
          with
          [
              Context=fmt::v5::format_context,
              Id=fmt::v5::basic_string_view<char>
          ]
C:\Users\D3\Desktop\BigBaseV2-master\BigBaseV2\AresMods\vendor\fmtlib\include\fmt\format.h(1816): message : while compiling class template member function 'void fmt::v5::internal::width_adapter<Handler,Char>::operator ()(fmt::v5::basic_string_view<Char>)'
          with
          [
              Handler=fmt::v5::internal::specs_checker<fmt::v5::internal::specs_handler<fmt::v5::format_context>> &,
              Char=char
          ]
C:\Users\D3\Desktop\BigBaseV2-master\BigBaseV2\AresMods\vendor\fmtlib\include\fmt\format.h(1805): message : see reference to function template instantiation 'void fmt::v5::internal::width_adapter<Handler,Char>::operator ()(fmt::v5::basic_string_view<Char>)' being compiled
          with
          [
              Handler=fmt::v5::internal::specs_checker<fmt::v5::internal::specs_handler<fmt::v5::format_context>> &,
              Char=char
          ]
C:\Users\D3\Desktop\BigBaseV2-master\BigBaseV2\AresMods\vendor\fmtlib\include\fmt\format.h(1892): message : see reference to class template instantiation 'fmt::v5::internal::width_adapter<Handler,Char>' being compiled
          with
          [
              Handler=fmt::v5::internal::specs_checker<fmt::v5::internal::specs_handler<fmt::v5::format_context>> &,
              Char=char
          ]
C:\Users\D3\Desktop\BigBaseV2-master\BigBaseV2\AresMods\vendor\fmtlib\include\fmt\format.h(1939): message : see reference to function template instantiation 'const Char *fmt::v5::internal::parse_width<Char,fmt::v5::internal::specs_checker<fmt::v5::internal::specs_handler<Context>>&>(const Char *,const Char *,Handler)' being compiled
          with
          [
              Char=char,
              Context=fmt::v5::format_context,
              Handler=fmt::v5::internal::specs_checker<fmt::v5::internal::specs_handler<fmt::v5::format_context>> &
          ]
  main.cpp
C:\Users\D3\Desktop\BigBaseV2-master\BigBaseV2\AresMods\vendor\fmtlib\include\fmt\core.h(203,1): warning C4996: 'std::result_of<fmt::v5::internal::custom_formatter<Char,Context> (int)>': warning STL4014: std::result_of and std::result_of_t are deprecated in C++17. They are superseded by std::invoke_result and std::invoke_result_t. You can define _SILENCE_CXX17_RESULT_OF_DEPRECATION_WARNING or _SILENCE_ALL_CXX17_DEPRECATION_WARNINGS to acknowledge that you have received this warning.
          with
          [
              Char=char,
              Context=fmt::v5::format_context
          ]
E:\VisualStudio2019\VC\Tools\MSVC\14.26.28801\include\type_traits(1708,45): message : see declaration of 'std::result_of'
C:\Users\D3\Desktop\BigBaseV2-master\BigBaseV2\AresMods\vendor\fmtlib\include\fmt\format.h(3104): message : see reference to class template instantiation 'fmt::v5::internal::result_of<fmt::v5::internal::custom_formatter<Char,Context> &(int)>' being compiled
          with
          [
              Char=char,
              Context=fmt::v5::format_context
          ]
C:\Users\D3\Desktop\BigBaseV2-master\BigBaseV2\AresMods\vendor\fmtlib\include\fmt\core.h(831): message : see reference to function template instantiation 'internal::result_of<Visitor(int)>::type fmt::v5::visit_format_arg(Visitor &&,const fmt::v5::basic_format_arg<Ctx> &)' being compiled
C:\Users\D3\Desktop\BigBaseV2-master\BigBaseV2\AresMods\vendor\fmtlib\include\fmt\format.h(3100): message : while compiling class template member function 'const Char *fmt::v5::format_handler<ArgFormatter,Char,Context>::on_format_specs(const Char *,const Char *)'
          with
          [
              Char=char,
              ArgFormatter=fmt::v5::arg_formatter<range>,
              Context=fmt::v5::format_context
          ]
C:\Users\D3\Desktop\BigBaseV2-master\BigBaseV2\AresMods\vendor\fmtlib\include\fmt\format.h(2040): message : see reference to function template instantiation 'const Char *fmt::v5::format_handler<ArgFormatter,Char,Context>::on_format_specs(const Char *,const Char *)' being compiled
          with
          [
              Char=char,
              ArgFormatter=fmt::v5::arg_formatter<range>,
              Context=fmt::v5::format_context
          ]
C:\Users\D3\Desktop\BigBaseV2-master\BigBaseV2\AresMods\vendor\fmtlib\include\fmt\format.h(3129): message : see reference to class template instantiation 'fmt::v5::format_handler<ArgFormatter,Char,Context>' being compiled
          with
          [
              ArgFormatter=fmt::v5::arg_formatter<range>,
              Char=char,
              Context=fmt::v5::format_context
          ]
C:\Users\D3\Desktop\BigBaseV2-master\BigBaseV2\AresMods\vendor\fmtlib\include\fmt\format.h(3238): message : see reference to function template instantiation 'OutputIt fmt::v5::vformat_to<fmt::v5::arg_formatter<range>,char,fmt::v5::format_context>(fmt::v5::back_insert_range<fmt::v5::internal::buffer>,fmt::v5::basic_string_view<char>,fmt::v5::basic_format_args<fmt::v5::format_context>,fmt::v5::internal::locale_ref)' being compiled
          with
          [
              OutputIt=std::back_insert_iterator<fmt::v5::internal::basic_buffer<char>>
          ]
C:\Users\D3\Desktop\BigBaseV2-master\BigBaseV2\AresMods\vendor\fmtlib\include\fmt\format.h(3414): message : see reference to function template instantiation 'OutputIt fmt::v5::internal::vformat_to<char>(fmt::v5::internal::basic_buffer<char> &,fmt::v5::basic_string_view<char>,fmt::v5::basic_format_args<fmt::v5::format_context>)' being compiled
          with
          [
              OutputIt=std::back_insert_iterator<fmt::v5::internal::basic_buffer<char>>
          ]
C:\Users\D3\Desktop\BigBaseV2-master\BigBaseV2\AresMods\vendor\fmtlib\include\fmt\core.h(1455): message : see reference to function template instantiation 'std::basic_string<char,std::char_traits<char>,std::allocator<char>> fmt::v5::internal::vformat<char>(fmt::v5::basic_string_view<char>,fmt::v5::basic_format_args<fmt::v5::format_context>)' being compiled
C:\Users\D3\Desktop\BigBaseV2-master\BigBaseV2\AresMods\AresMods\src\logger.hpp(85): message : see reference to function template instantiation 'std::basic_string<char,std::char_traits<char>,std::allocator<char>> fmt::v5::format<char[23],int,int,int>(const S (&),const int &,const int &,const int &)' being compiled
          with
          [
              S=char [23]
          ]
C:\Users\D3\Desktop\BigBaseV2-master\BigBaseV2\AresMods\AresMods\src\logger.hpp(127): message : see reference to function template instantiation 'void big::logger::log<>(big::log_color,std::string_view,std::string_view)' being compiled
C:\Users\D3\Desktop\BigBaseV2-master\BigBaseV2\AresMods\AresMods\src\main.cpp(51): message : see reference to function template instantiation 'void big::log_info<>(std::string_view)' being compiled
C:\Users\D3\Desktop\BigBaseV2-master\BigBaseV2\AresMods\vendor\fmtlib\include\fmt\core.h(203,1): warning C4996: 'std::result_of<fmt::v5::arg_formatter<range> (int)>': warning STL4014: std::result_of and std::result_of_t are deprecated in C++17. They are superseded by std::invoke_result and std::invoke_result_t. You can define _SILENCE_CXX17_RESULT_OF_DEPRECATION_WARNING or _SILENCE_ALL_CXX17_DEPRECATION_WARNINGS to acknowledge that you have received this warning.
E:\VisualStudio2019\VC\Tools\MSVC\14.26.28801\include\type_traits(1708,45): message : see declaration of 'std::result_of'
C:\Users\D3\Desktop\BigBaseV2-master\BigBaseV2\AresMods\vendor\fmtlib\include\fmt\format.h(3114): message : see reference to class template instantiation 'fmt::v5::internal::result_of<ArgFormatter (int)>' being compiled
          with
          [
              ArgFormatter=fmt::v5::arg_formatter<range>
          ]
C:\Users\D3\Desktop\BigBaseV2-master\BigBaseV2\AresMods\vendor\fmtlib\include\fmt\core.h(831): message : see reference to function template instantiation 'internal::result_of<Visitor(int)>::type fmt::v5::visit_format_arg(Visitor &&,const fmt::v5::basic_format_arg<Ctx> &)' being compiled
C:\Users\D3\Desktop\BigBaseV2-master\BigBaseV2\AresMods\vendor\fmtlib\include\fmt\core.h(203,1): warning C4996: 'std::result_of<fmt::v5::internal::precision_checker<ErrorHandler> (int)>': warning STL4014: std::result_of and std::result_of_t are deprecated in C++17. They are superseded by std::invoke_result and std::invoke_result_t. You can define _SILENCE_CXX17_RESULT_OF_DEPRECATION_WARNING or _SILENCE_ALL_CXX17_DEPRECATION_WARNINGS to acknowledge that you have received this warning.
          with
          [
              ErrorHandler=fmt::v5::internal::error_handler
          ]
E:\VisualStudio2019\VC\Tools\MSVC\14.26.28801\include\type_traits(1708,45): message : see declaration of 'std::result_of'
C:\Users\D3\Desktop\BigBaseV2-master\BigBaseV2\AresMods\vendor\fmtlib\include\fmt\format.h(1657): message : see reference to class template instantiation 'fmt::v5::internal::result_of<fmt::v5::internal::precision_checker<ErrorHandler> (int)>' being compiled
          with
          [
              ErrorHandler=fmt::v5::internal::error_handler
          ]
C:\Users\D3\Desktop\BigBaseV2-master\BigBaseV2\AresMods\vendor\fmtlib\include\fmt\core.h(831): message : see reference to function template instantiation 'internal::result_of<Visitor(int)>::type fmt::v5::visit_format_arg(Visitor &&,const fmt::v5::basic_format_arg<Ctx> &)' being compiled
C:\Users\D3\Desktop\BigBaseV2-master\BigBaseV2\AresMods\vendor\fmtlib\include\fmt\format.h(1684): message : see reference to function template instantiation 'void fmt::v5::internal::set_dynamic_spec<fmt::v5::internal::precision_checker,int,Context,fmt::v5::internal::error_handler>(T &,fmt::v5::basic_format_arg<Context>,ErrorHandler)' being compiled
          with
          [
              Context=fmt::v5::format_context,
              T=int,
              ErrorHandler=fmt::v5::internal::error_handler
          ]
C:\Users\D3\Desktop\BigBaseV2-master\BigBaseV2\AresMods\vendor\fmtlib\include\fmt\format.h(1837): message : see reference to function template instantiation 'void fmt::v5::internal::specs_handler<Context>::on_dynamic_precision<fmt::v5::basic_string_view<char>>(Id)' being compiled
          with
          [
              Context=fmt::v5::format_context,
              Id=fmt::v5::basic_string_view<char>
          ]
C:\Users\D3\Desktop\BigBaseV2-master\BigBaseV2\AresMods\vendor\fmtlib\include\fmt\format.h(1837): message : see reference to function template instantiation 'void fmt::v5::internal::specs_handler<Context>::on_dynamic_precision<fmt::v5::basic_string_view<char>>(Id)' being compiled
          with
          [
              Context=fmt::v5::format_context,
              Id=fmt::v5::basic_string_view<char>
          ]
C:\Users\D3\Desktop\BigBaseV2-master\BigBaseV2\AresMods\vendor\fmtlib\include\fmt\format.h(1836): message : while compiling class template member function 'void fmt::v5::internal::precision_adapter<SpecHandler,Char>::operator ()(fmt::v5::basic_string_view<Char>)'
          with
          [
              SpecHandler=fmt::v5::internal::specs_checker<fmt::v5::internal::specs_handler<fmt::v5::format_context>> &,
              Char=char
          ]
C:\Users\D3\Desktop\BigBaseV2-master\BigBaseV2\AresMods\vendor\fmtlib\include\fmt\format.h(1805): message : see reference to function template instantiation 'void fmt::v5::internal::precision_adapter<SpecHandler,Char>::operator ()(fmt::v5::basic_string_view<Char>)' being compiled
          with
          [
              SpecHandler=fmt::v5::internal::specs_checker<fmt::v5::internal::specs_handler<fmt::v5::format_context>> &,
              Char=char
          ]
C:\Users\D3\Desktop\BigBaseV2-master\BigBaseV2\AresMods\vendor\fmtlib\include\fmt\format.h(1952): message : see reference to class template instantiation 'fmt::v5::internal::precision_adapter<SpecHandler,Char>' being compiled
          with
          [
              SpecHandler=fmt::v5::internal::specs_checker<fmt::v5::internal::specs_handler<fmt::v5::format_context>> &,
              Char=char
          ]
C:\Users\D3\Desktop\BigBaseV2-master\BigBaseV2\AresMods\vendor\fmtlib\include\fmt\format.h(3110): message : see reference to function template instantiation 'const Char *fmt::v5::internal::parse_format_specs<Char,fmt::v5::internal::specs_checker<fmt::v5::internal::specs_handler<Context>>&>(const Char *,const Char *,SpecHandler)' being compiled
          with
          [
              Char=char,
              Context=fmt::v5::format_context,
              SpecHandler=fmt::v5::internal::specs_checker<fmt::v5::internal::specs_handler<fmt::v5::format_context>> &
          ]
C:\Users\D3\Desktop\BigBaseV2-master\BigBaseV2\AresMods\vendor\fmtlib\include\fmt\format.h(3100): message : while compiling class template member function 'const Char *fmt::v5::format_handler<ArgFormatter,Char,Context>::on_format_specs(const Char *,const Char *)'
          with
          [
              Char=char,
              ArgFormatter=fmt::v5::arg_formatter<range>,
              Context=fmt::v5::format_context
          ]
C:\Users\D3\Desktop\BigBaseV2-master\BigBaseV2\AresMods\vendor\fmtlib\include\fmt\format.h(2040): message : see reference to function template instantiation 'const Char *fmt::v5::format_handler<ArgFormatter,Char,Context>::on_format_specs(const Char *,const Char *)' being compiled
          with
          [
              Char=char,
              ArgFormatter=fmt::v5::arg_formatter<range>,
              Context=fmt::v5::format_context
          ]
C:\Users\D3\Desktop\BigBaseV2-master\BigBaseV2\AresMods\vendor\fmtlib\include\fmt\core.h(203,1): warning C4996: 'std::result_of<fmt::v5::internal::width_checker<ErrorHandler> (int)>': warning STL4014: std::result_of and std::result_of_t are deprecated in C++17. They are superseded by std::invoke_result and std::invoke_result_t. You can define _SILENCE_CXX17_RESULT_OF_DEPRECATION_WARNING or _SILENCE_ALL_CXX17_DEPRECATION_WARNINGS to acknowledge that you have received this warning.
          with
          [
              ErrorHandler=fmt::v5::internal::error_handler
          ]
E:\VisualStudio2019\VC\Tools\MSVC\14.26.28801\include\type_traits(1708,45): message : see declaration of 'std::result_of'
C:\Users\D3\Desktop\BigBaseV2-master\BigBaseV2\AresMods\vendor\fmtlib\include\fmt\format.h(1657): message : see reference to class template instantiation 'fmt::v5::internal::result_of<fmt::v5::internal::width_checker<ErrorHandler> (int)>' being compiled
          with
          [
              ErrorHandler=fmt::v5::internal::error_handler
          ]
C:\Users\D3\Desktop\BigBaseV2-master\BigBaseV2\AresMods\vendor\fmtlib\include\fmt\core.h(831): message : see reference to function template instantiation 'internal::result_of<Visitor(int)>::type fmt::v5::visit_format_arg(Visitor &&,const fmt::v5::basic_format_arg<Ctx> &)' being compiled
C:\Users\D3\Desktop\BigBaseV2-master\BigBaseV2\AresMods\vendor\fmtlib\include\fmt\format.h(1678): message : see reference to function template instantiation 'void fmt::v5::internal::set_dynamic_spec<fmt::v5::internal::width_checker,unsigned int,Context,fmt::v5::internal::error_handler>(T &,fmt::v5::basic_format_arg<Context>,ErrorHandler)' being compiled
          with
          [
              Context=fmt::v5::format_context,
              T=unsigned int,
              ErrorHandler=fmt::v5::internal::error_handler
          ]
C:\Users\D3\Desktop\BigBaseV2-master\BigBaseV2\AresMods\vendor\fmtlib\include\fmt\format.h(1817): message : see reference to function template instantiation 'void fmt::v5::internal::specs_handler<Context>::on_dynamic_width<fmt::v5::basic_string_view<char>>(Id)' being compiled
          with
          [
              Context=fmt::v5::format_context,
              Id=fmt::v5::basic_string_view<char>
          ]
C:\Users\D3\Desktop\BigBaseV2-master\BigBaseV2\AresMods\vendor\fmtlib\include\fmt\format.h(1817): message : see reference to function template instantiation 'void fmt::v5::internal::specs_handler<Context>::on_dynamic_width<fmt::v5::basic_string_view<char>>(Id)' being compiled
          with
          [
              Context=fmt::v5::format_context,
              Id=fmt::v5::basic_string_view<char>
          ]
C:\Users\D3\Desktop\BigBaseV2-master\BigBaseV2\AresMods\vendor\fmtlib\include\fmt\format.h(1816): message : while compiling class template member function 'void fmt::v5::internal::width_adapter<Handler,Char>::operator ()(fmt::v5::basic_string_view<Char>)'
          with
          [
              Handler=fmt::v5::internal::specs_checker<fmt::v5::internal::specs_handler<fmt::v5::format_context>> &,
              Char=char
          ]
C:\Users\D3\Desktop\BigBaseV2-master\BigBaseV2\AresMods\vendor\fmtlib\include\fmt\format.h(1805): message : see reference to function template instantiation 'void fmt::v5::internal::width_adapter<Handler,Char>::operator ()(fmt::v5::basic_string_view<Char>)' being compiled
          with
          [
              Handler=fmt::v5::internal::specs_checker<fmt::v5::internal::specs_handler<fmt::v5::format_context>> &,
              Char=char
          ]
C:\Users\D3\Desktop\BigBaseV2-master\BigBaseV2\AresMods\vendor\fmtlib\include\fmt\format.h(1892): message : see reference to class template instantiation 'fmt::v5::internal::width_adapter<Handler,Char>' being compiled
          with
          [
              Handler=fmt::v5::internal::specs_checker<fmt::v5::internal::specs_handler<fmt::v5::format_context>> &,
              Char=char
          ]
C:\Users\D3\Desktop\BigBaseV2-master\BigBaseV2\AresMods\vendor\fmtlib\include\fmt\format.h(1939): message : see reference to function template instantiation 'const Char *fmt::v5::internal::parse_width<Char,fmt::v5::internal::specs_checker<fmt::v5::internal::specs_handler<Context>>&>(const Char *,const Char *,Handler)' being compiled
          with
          [
              Char=char,
              Context=fmt::v5::format_context,
              Handler=fmt::v5::internal::specs_checker<fmt::v5::internal::specs_handler<fmt::v5::format_context>> &
          ]
  module.cpp
  pattern.cpp
  pattern_batch.cpp
C:\Users\D3\Desktop\BigBaseV2-master\BigBaseV2\AresMods\vendor\fmtlib\include\fmt\core.h(203,1): warning C4996: 'std::result_of<fmt::v5::internal::custom_formatter<Char,Context> (int)>': warning STL4014: std::result_of and std::result_of_t are deprecated in C++17. They are superseded by std::invoke_result and std::invoke_result_t. You can define _SILENCE_CXX17_RESULT_OF_DEPRECATION_WARNING or _SILENCE_ALL_CXX17_DEPRECATION_WARNINGS to acknowledge that you have received this warning.
          with
          [
              Char=char,
              Context=fmt::v5::format_context
          ]
E:\VisualStudio2019\VC\Tools\MSVC\14.26.28801\include\type_traits(1708,45): message : see declaration of 'std::result_of'
C:\Users\D3\Desktop\BigBaseV2-master\BigBaseV2\AresMods\vendor\fmtlib\include\fmt\format.h(3104): message : see reference to class template instantiation 'fmt::v5::internal::result_of<fmt::v5::internal::custom_formatter<Char,Context> &(int)>' being compiled
          with
          [
              Char=char,
              Context=fmt::v5::format_context
          ]
C:\Users\D3\Desktop\BigBaseV2-master\BigBaseV2\AresMods\vendor\fmtlib\include\fmt\core.h(831): message : see reference to function template instantiation 'internal::result_of<Visitor(int)>::type fmt::v5::visit_format_arg(Visitor &&,const fmt::v5::basic_format_arg<Ctx> &)' being compiled
C:\Users\D3\Desktop\BigBaseV2-master\BigBaseV2\AresMods\vendor\fmtlib\include\fmt\format.h(3100): message : while compiling class template member function 'const Char *fmt::v5::format_handler<ArgFormatter,Char,Context>::on_format_specs(const Char *,const Char *)'
          with
          [
              Char=char,
              ArgFormatter=fmt::v5::arg_formatter<range>,
              Context=fmt::v5::format_context
          ]
C:\Users\D3\Desktop\BigBaseV2-master\BigBaseV2\AresMods\vendor\fmtlib\include\fmt\format.h(2040): message : see reference to function template instantiation 'const Char *fmt::v5::format_handler<ArgFormatter,Char,Context>::on_format_specs(const Char *,const Char *)' being compiled
          with
          [
              Char=char,
              ArgFormatter=fmt::v5::arg_formatter<range>,
              Context=fmt::v5::format_context
          ]
C:\Users\D3\Desktop\BigBaseV2-master\BigBaseV2\AresMods\vendor\fmtlib\include\fmt\format.h(3129): message : see reference to class template instantiation 'fmt::v5::format_handler<ArgFormatter,Char,Context>' being compiled
          with
          [
              ArgFormatter=fmt::v5::arg_formatter<range>,
              Char=char,
              Context=fmt::v5::format_context
          ]
C:\Users\D3\Desktop\BigBaseV2-master\BigBaseV2\AresMods\vendor\fmtlib\include\fmt\format.h(3238): message : see reference to function template instantiation 'OutputIt fmt::v5::vformat_to<fmt::v5::arg_formatter<range>,char,fmt::v5::format_context>(fmt::v5::back_insert_range<fmt::v5::internal::buffer>,fmt::v5::basic_string_view<char>,fmt::v5::basic_format_args<fmt::v5::format_context>,fmt::v5::internal::locale_ref)' being compiled
          with
          [
              OutputIt=std::back_insert_iterator<fmt::v5::internal::basic_buffer<char>>
          ]
C:\Users\D3\Desktop\BigBaseV2-master\BigBaseV2\AresMods\vendor\fmtlib\include\fmt\format.h(3414): message : see reference to function template instantiation 'OutputIt fmt::v5::internal::vformat_to<char>(fmt::v5::internal::basic_buffer<char> &,fmt::v5::basic_string_view<char>,fmt::v5::basic_format_args<fmt::v5::format_context>)' being compiled
          with
          [
              OutputIt=std::back_insert_iterator<fmt::v5::internal::basic_buffer<char>>
          ]
C:\Users\D3\Desktop\BigBaseV2-master\BigBaseV2\AresMods\vendor\fmtlib\include\fmt\core.h(1455): message : see reference to function template instantiation 'std::basic_string<char,std::char_traits<char>,std::allocator<char>> fmt::v5::internal::vformat<char>(fmt::v5::basic_string_view<char>,fmt::v5::basic_format_args<fmt::v5::format_context>)' being compiled
C:\Users\D3\Desktop\BigBaseV2-master\BigBaseV2\AresMods\AresMods\src\logger.hpp(85): message : see reference to function template instantiation 'std::basic_string<char,std::char_traits<char>,std::allocator<char>> fmt::v5::format<char[23],int,int,int>(const S (&),const int &,const int &,const int &)' being compiled
          with
          [
              S=char [23]
          ]
C:\Users\D3\Desktop\BigBaseV2-master\BigBaseV2\AresMods\AresMods\src\logger.hpp(127): message : see reference to function template instantiation 'void big::logger::log<std::string>(big::log_color,std::string_view,std::string_view,const std::string &)' being compiled
C:\Users\D3\Desktop\BigBaseV2-master\BigBaseV2\AresMods\AresMods\src\memory\pattern_batch.cpp(23): message : see reference to function template instantiation 'void big::log_info<std::string>(std::string_view,const std::string &)' being compiled
C:\Users\D3\Desktop\BigBaseV2-master\BigBaseV2\AresMods\vendor\fmtlib\include\fmt\core.h(203,1): warning C4996: 'std::result_of<fmt::v5::arg_formatter<range> (int)>': warning STL4014: std::result_of and std::result_of_t are deprecated in C++17. They are superseded by std::invoke_result and std::invoke_result_t. You can define _SILENCE_CXX17_RESULT_OF_DEPRECATION_WARNING or _SILENCE_ALL_CXX17_DEPRECATION_WARNINGS to acknowledge that you have received this warning.
E:\VisualStudio2019\VC\Tools\MSVC\14.26.28801\include\type_traits(1708,45): message : see declaration of 'std::result_of'
C:\Users\D3\Desktop\BigBaseV2-master\BigBaseV2\AresMods\vendor\fmtlib\include\fmt\format.h(3114): message : see reference to class template instantiation 'fmt::v5::internal::result_of<ArgFormatter (int)>' being compiled
          with
          [
              ArgFormatter=fmt::v5::arg_formatter<range>
          ]
C:\Users\D3\Desktop\BigBaseV2-master\BigBaseV2\AresMods\vendor\fmtlib\include\fmt\core.h(831): message : see reference to function template instantiation 'internal::result_of<Visitor(int)>::type fmt::v5::visit_format_arg(Visitor &&,const fmt::v5::basic_format_arg<Ctx> &)' being compiled
C:\Users\D3\Desktop\BigBaseV2-master\BigBaseV2\AresMods\vendor\fmtlib\include\fmt\core.h(203,1): warning C4996: 'std::result_of<fmt::v5::internal::precision_checker<ErrorHandler> (int)>': warning STL4014: std::result_of and std::result_of_t are deprecated in C++17. They are superseded by std::invoke_result and std::invoke_result_t. You can define _SILENCE_CXX17_RESULT_OF_DEPRECATION_WARNING or _SILENCE_ALL_CXX17_DEPRECATION_WARNINGS to acknowledge that you have received this warning.
          with
          [
              ErrorHandler=fmt::v5::internal::error_handler
          ]
E:\VisualStudio2019\VC\Tools\MSVC\14.26.28801\include\type_traits(1708,45): message : see declaration of 'std::result_of'
C:\Users\D3\Desktop\BigBaseV2-master\BigBaseV2\AresMods\vendor\fmtlib\include\fmt\format.h(1657): message : see reference to class template instantiation 'fmt::v5::internal::result_of<fmt::v5::internal::precision_checker<ErrorHandler> (int)>' being compiled
          with
          [
              ErrorHandler=fmt::v5::internal::error_handler
          ]
C:\Users\D3\Desktop\BigBaseV2-master\BigBaseV2\AresMods\vendor\fmtlib\include\fmt\core.h(831): message : see reference to function template instantiation 'internal::result_of<Visitor(int)>::type fmt::v5::visit_format_arg(Visitor &&,const fmt::v5::basic_format_arg<Ctx> &)' being compiled
C:\Users\D3\Desktop\BigBaseV2-master\BigBaseV2\AresMods\vendor\fmtlib\include\fmt\format.h(1684): message : see reference to function template instantiation 'void fmt::v5::internal::set_dynamic_spec<fmt::v5::internal::precision_checker,int,Context,fmt::v5::internal::error_handler>(T &,fmt::v5::basic_format_arg<Context>,ErrorHandler)' being compiled
          with
          [
              Context=fmt::v5::format_context,
              T=int,
              ErrorHandler=fmt::v5::internal::error_handler
          ]
C:\Users\D3\Desktop\BigBaseV2-master\BigBaseV2\AresMods\vendor\fmtlib\include\fmt\format.h(1837): message : see reference to function template instantiation 'void fmt::v5::internal::specs_handler<Context>::on_dynamic_precision<fmt::v5::basic_string_view<char>>(Id)' being compiled
          with
          [
              Context=fmt::v5::format_context,
              Id=fmt::v5::basic_string_view<char>
          ]
C:\Users\D3\Desktop\BigBaseV2-master\BigBaseV2\AresMods\vendor\fmtlib\include\fmt\format.h(1837): message : see reference to function template instantiation 'void fmt::v5::internal::specs_handler<Context>::on_dynamic_precision<fmt::v5::basic_string_view<char>>(Id)' being compiled
          with
          [
              Context=fmt::v5::format_context,
              Id=fmt::v5::basic_string_view<char>
          ]
C:\Users\D3\Desktop\BigBaseV2-master\BigBaseV2\AresMods\vendor\fmtlib\include\fmt\format.h(1836): message : while compiling class template member function 'void fmt::v5::internal::precision_adapter<SpecHandler,Char>::operator ()(fmt::v5::basic_string_view<Char>)'
          with
          [
              SpecHandler=fmt::v5::internal::specs_checker<fmt::v5::internal::specs_handler<fmt::v5::format_context>> &,
              Char=char
          ]
C:\Users\D3\Desktop\BigBaseV2-master\BigBaseV2\AresMods\vendor\fmtlib\include\fmt\format.h(1805): message : see reference to function template instantiation 'void fmt::v5::internal::precision_adapter<SpecHandler,Char>::operator ()(fmt::v5::basic_string_view<Char>)' being compiled
          with
          [
              SpecHandler=fmt::v5::internal::specs_checker<fmt::v5::internal::specs_handler<fmt::v5::format_context>> &,
              Char=char
          ]
C:\Users\D3\Desktop\BigBaseV2-master\BigBaseV2\AresMods\vendor\fmtlib\include\fmt\format.h(1952): message : see reference to class template instantiation 'fmt::v5::internal::precision_adapter<SpecHandler,Char>' being compiled
          with
          [
              SpecHandler=fmt::v5::internal::specs_checker<fmt::v5::internal::specs_handler<fmt::v5::format_context>> &,
              Char=char
          ]
C:\Users\D3\Desktop\BigBaseV2-master\BigBaseV2\AresMods\vendor\fmtlib\include\fmt\format.h(3110): message : see reference to function template instantiation 'const Char *fmt::v5::internal::parse_format_specs<Char,fmt::v5::internal::specs_checker<fmt::v5::internal::specs_handler<Context>>&>(const Char *,const Char *,SpecHandler)' being compiled
          with
          [
              Char=char,
              Context=fmt::v5::format_context,
              SpecHandler=fmt::v5::internal::specs_checker<fmt::v5::internal::specs_handler<fmt::v5::format_context>> &
          ]
C:\Users\D3\Desktop\BigBaseV2-master\BigBaseV2\AresMods\vendor\fmtlib\include\fmt\format.h(3100): message : while compiling class template member function 'const Char *fmt::v5::format_handler<ArgFormatter,Char,Context>::on_format_specs(const Char *,const Char *)'
          with
          [
              Char=char,
              ArgFormatter=fmt::v5::arg_formatter<range>,
              Context=fmt::v5::format_context
          ]
C:\Users\D3\Desktop\BigBaseV2-master\BigBaseV2\AresMods\vendor\fmtlib\include\fmt\format.h(2040): message : see reference to function template instantiation 'const Char *fmt::v5::format_handler<ArgFormatter,Char,Context>::on_format_specs(const Char *,const Char *)' being compiled
          with
          [
              Char=char,
              ArgFormatter=fmt::v5::arg_formatter<range>,
              Context=fmt::v5::format_context
          ]
C:\Users\D3\Desktop\BigBaseV2-master\BigBaseV2\AresMods\vendor\fmtlib\include\fmt\core.h(203,1): warning C4996: 'std::result_of<fmt::v5::internal::width_checker<ErrorHandler> (int)>': warning STL4014: std::result_of and std::result_of_t are deprecated in C++17. They are superseded by std::invoke_result and std::invoke_result_t. You can define _SILENCE_CXX17_RESULT_OF_DEPRECATION_WARNING or _SILENCE_ALL_CXX17_DEPRECATION_WARNINGS to acknowledge that you have received this warning.
          with
          [
              ErrorHandler=fmt::v5::internal::error_handler
          ]
E:\VisualStudio2019\VC\Tools\MSVC\14.26.28801\include\type_traits(1708,45): message : see declaration of 'std::result_of'
C:\Users\D3\Desktop\BigBaseV2-master\BigBaseV2\AresMods\vendor\fmtlib\include\fmt\format.h(1657): message : see reference to class template instantiation 'fmt::v5::internal::result_of<fmt::v5::internal::width_checker<ErrorHandler> (int)>' being compiled
          with
          [
              ErrorHandler=fmt::v5::internal::error_handler
          ]
C:\Users\D3\Desktop\BigBaseV2-master\BigBaseV2\AresMods\vendor\fmtlib\include\fmt\core.h(831): message : see reference to function template instantiation 'internal::result_of<Visitor(int)>::type fmt::v5::visit_format_arg(Visitor &&,const fmt::v5::basic_format_arg<Ctx> &)' being compiled
C:\Users\D3\Desktop\BigBaseV2-master\BigBaseV2\AresMods\vendor\fmtlib\include\fmt\format.h(1678): message : see reference to function template instantiation 'void fmt::v5::internal::set_dynamic_spec<fmt::v5::internal::width_checker,unsigned int,Context,fmt::v5::internal::error_handler>(T &,fmt::v5::basic_format_arg<Context>,ErrorHandler)' being compiled
          with
          [
              Context=fmt::v5::format_context,
              T=unsigned int,
              ErrorHandler=fmt::v5::internal::error_handler
          ]
C:\Users\D3\Desktop\BigBaseV2-master\BigBaseV2\AresMods\vendor\fmtlib\include\fmt\format.h(1817): message : see reference to function template instantiation 'void fmt::v5::internal::specs_handler<Context>::on_dynamic_width<fmt::v5::basic_string_view<char>>(Id)' being compiled
          with
          [
              Context=fmt::v5::format_context,
              Id=fmt::v5::basic_string_view<char>
          ]
C:\Users\D3\Desktop\BigBaseV2-master\BigBaseV2\AresMods\vendor\fmtlib\include\fmt\format.h(1817): message : see reference to function template instantiation 'void fmt::v5::internal::specs_handler<Context>::on_dynamic_width<fmt::v5::basic_string_view<char>>(Id)' being compiled
          with
          [
              Context=fmt::v5::format_context,
              Id=fmt::v5::basic_string_view<char>
          ]
C:\Users\D3\Desktop\BigBaseV2-master\BigBaseV2\AresMods\vendor\fmtlib\include\fmt\format.h(1816): message : while compiling class template member function 'void fmt::v5::internal::width_adapter<Handler,Char>::operator ()(fmt::v5::basic_string_view<Char>)'
          with
          [
              Handler=fmt::v5::internal::specs_checker<fmt::v5::internal::specs_handler<fmt::v5::format_context>> &,
              Char=char
          ]
C:\Users\D3\Desktop\BigBaseV2-master\BigBaseV2\AresMods\vendor\fmtlib\include\fmt\format.h(1805): message : see reference to function template instantiation 'void fmt::v5::internal::width_adapter<Handler,Char>::operator ()(fmt::v5::basic_string_view<Char>)' being compiled
          with
          [
              Handler=fmt::v5::internal::specs_checker<fmt::v5::internal::specs_handler<fmt::v5::format_context>> &,
              Char=char
          ]
C:\Users\D3\Desktop\BigBaseV2-master\BigBaseV2\AresMods\vendor\fmtlib\include\fmt\format.h(1892): message : see reference to class template instantiation 'fmt::v5::internal::width_adapter<Handler,Char>' being compiled
          with
          [
              Handler=fmt::v5::internal::specs_checker<fmt::v5::internal::specs_handler<fmt::v5::format_context>> &,
              Char=char
          ]
C:\Users\D3\Desktop\BigBaseV2-master\BigBaseV2\AresMods\vendor\fmtlib\include\fmt\format.h(1939): message : see reference to function template instantiation 'const Char *fmt::v5::internal::parse_width<Char,fmt::v5::internal::specs_checker<fmt::v5::internal::specs_handler<Context>>&>(const Char *,const Char *,Handler)' being compiled
          with
          [
              Char=char,
              Context=fmt::v5::format_context,
              Handler=fmt::v5::internal::specs_checker<fmt::v5::internal::specs_handler<fmt::v5::format_context>> &
          ]
  range.cpp
  pointers.cpp
  renderer.cpp
  script.cpp
C:\Users\D3\Desktop\BigBaseV2-master\BigBaseV2\AresMods\vendor\fmtlib\include\fmt\core.h(203,1): warning C4996: 'std::result_of<fmt::v5::internal::custom_formatter<Char,Context> (int)>': warning STL4014: std::result_of and std::result_of_t are deprecated in C++17. They are superseded by std::invoke_result and std::invoke_result_t. You can define _SILENCE_CXX17_RESULT_OF_DEPRECATION_WARNING or _SILENCE_ALL_CXX17_DEPRECATION_WARNINGS to acknowledge that you have received this warning.
          with
          [
              Char=char,
              Context=fmt::v5::format_context
          ]
E:\VisualStudio2019\VC\Tools\MSVC\14.26.28801\include\type_traits(1708,45): message : see declaration of 'std::result_of'
C:\Users\D3\Desktop\BigBaseV2-master\BigBaseV2\AresMods\vendor\fmtlib\include\fmt\format.h(3104): message : see reference to class template instantiation 'fmt::v5::internal::result_of<fmt::v5::internal::custom_formatter<Char,Context> &(int)>' being compiled
          with
          [
              Char=char,
              Context=fmt::v5::format_context
          ]
C:\Users\D3\Desktop\BigBaseV2-master\BigBaseV2\AresMods\vendor\fmtlib\include\fmt\core.h(831): message : see reference to function template instantiation 'internal::result_of<Visitor(int)>::type fmt::v5::visit_format_arg(Visitor &&,const fmt::v5::basic_format_arg<Ctx> &)' being compiled
C:\Users\D3\Desktop\BigBaseV2-master\BigBaseV2\AresMods\vendor\fmtlib\include\fmt\format.h(3100): message : while compiling class template member function 'const Char *fmt::v5::format_handler<ArgFormatter,Char,Context>::on_format_specs(const Char *,const Char *)'
          with
          [
              Char=char,
              ArgFormatter=fmt::v5::arg_formatter<range>,
              Context=fmt::v5::format_context
          ]
C:\Users\D3\Desktop\BigBaseV2-master\BigBaseV2\AresMods\vendor\fmtlib\include\fmt\format.h(2040): message : see reference to function template instantiation 'const Char *fmt::v5::format_handler<ArgFormatter,Char,Context>::on_format_specs(const Char *,const Char *)' being compiled
          with
          [
              Char=char,
              ArgFormatter=fmt::v5::arg_formatter<range>,
              Context=fmt::v5::format_context
          ]
C:\Users\D3\Desktop\BigBaseV2-master\BigBaseV2\AresMods\vendor\fmtlib\include\fmt\format.h(3129): message : see reference to class template instantiation 'fmt::v5::format_handler<ArgFormatter,Char,Context>' being compiled
          with
          [
              ArgFormatter=fmt::v5::arg_formatter<range>,
              Char=char,
              Context=fmt::v5::format_context
          ]
C:\Users\D3\Desktop\BigBaseV2-master\BigBaseV2\AresMods\vendor\fmtlib\include\fmt\format.h(3238): message : see reference to function template instantiation 'OutputIt fmt::v5::vformat_to<fmt::v5::arg_formatter<range>,char,fmt::v5::format_context>(fmt::v5::back_insert_range<fmt::v5::internal::buffer>,fmt::v5::basic_string_view<char>,fmt::v5::basic_format_args<fmt::v5::format_context>,fmt::v5::internal::locale_ref)' being compiled
          with
          [
              OutputIt=std::back_insert_iterator<fmt::v5::internal::basic_buffer<char>>
          ]
C:\Users\D3\Desktop\BigBaseV2-master\BigBaseV2\AresMods\vendor\fmtlib\include\fmt\format.h(3414): message : see reference to function template instantiation 'OutputIt fmt::v5::internal::vformat_to<char>(fmt::v5::internal::basic_buffer<char> &,fmt::v5::basic_string_view<char>,fmt::v5::basic_format_args<fmt::v5::format_context>)' being compiled
          with
          [
              OutputIt=std::back_insert_iterator<fmt::v5::internal::basic_buffer<char>>
          ]
C:\Users\D3\Desktop\BigBaseV2-master\BigBaseV2\AresMods\vendor\fmtlib\include\fmt\core.h(1455): message : see reference to function template instantiation 'std::basic_string<char,std::char_traits<char>,std::allocator<char>> fmt::v5::internal::vformat<char>(fmt::v5::basic_string_view<char>,fmt::v5::basic_format_args<fmt::v5::format_context>)' being compiled
C:\Users\D3\Desktop\BigBaseV2-master\BigBaseV2\AresMods\AresMods\src\logger.hpp(85): message : see reference to function template instantiation 'std::basic_string<char,std::char_traits<char>,std::allocator<char>> fmt::v5::format<char[23],int,int,int>(const S (&),const int &,const int &,const int &)' being compiled
          with
          [
              S=char [23]
          ]
C:\Users\D3\Desktop\BigBaseV2-master\BigBaseV2\AresMods\AresMods\src\logger.hpp(140): message : see reference to function template instantiation 'void big::logger::log<>(big::log_color,std::string_view,std::string_view)' being compiled
C:\Users\D3\Desktop\BigBaseV2-master\BigBaseV2\AresMods\AresMods\src\script.cpp(10): message : see reference to function template instantiation 'void big::log_error<>(std::string_view)' being compiled
C:\Users\D3\Desktop\BigBaseV2-master\BigBaseV2\AresMods\vendor\fmtlib\include\fmt\core.h(203,1): warning C4996: 'std::result_of<fmt::v5::arg_formatter<range> (int)>': warning STL4014: std::result_of and std::result_of_t are deprecated in C++17. They are superseded by std::invoke_result and std::invoke_result_t. You can define _SILENCE_CXX17_RESULT_OF_DEPRECATION_WARNING or _SILENCE_ALL_CXX17_DEPRECATION_WARNINGS to acknowledge that you have received this warning.
E:\VisualStudio2019\VC\Tools\MSVC\14.26.28801\include\type_traits(1708,45): message : see declaration of 'std::result_of'
C:\Users\D3\Desktop\BigBaseV2-master\BigBaseV2\AresMods\vendor\fmtlib\include\fmt\format.h(3114): message : see reference to class template instantiation 'fmt::v5::internal::result_of<ArgFormatter (int)>' being compiled
          with
          [
              ArgFormatter=fmt::v5::arg_formatter<range>
          ]
C:\Users\D3\Desktop\BigBaseV2-master\BigBaseV2\AresMods\vendor\fmtlib\include\fmt\core.h(831): message : see reference to function template instantiation 'internal::result_of<Visitor(int)>::type fmt::v5::visit_format_arg(Visitor &&,const fmt::v5::basic_format_arg<Ctx> &)' being compiled
C:\Users\D3\Desktop\BigBaseV2-master\BigBaseV2\AresMods\vendor\fmtlib\include\fmt\core.h(203,1): warning C4996: 'std::result_of<fmt::v5::internal::precision_checker<ErrorHandler> (int)>': warning STL4014: std::result_of and std::result_of_t are deprecated in C++17. They are superseded by std::invoke_result and std::invoke_result_t. You can define _SILENCE_CXX17_RESULT_OF_DEPRECATION_WARNING or _SILENCE_ALL_CXX17_DEPRECATION_WARNINGS to acknowledge that you have received this warning.
          with
          [
              ErrorHandler=fmt::v5::internal::error_handler
          ]
E:\VisualStudio2019\VC\Tools\MSVC\14.26.28801\include\type_traits(1708,45): message : see declaration of 'std::result_of'
C:\Users\D3\Desktop\BigBaseV2-master\BigBaseV2\AresMods\vendor\fmtlib\include\fmt\format.h(1657): message : see reference to class template instantiation 'fmt::v5::internal::result_of<fmt::v5::internal::precision_checker<ErrorHandler> (int)>' being compiled
          with
          [
              ErrorHandler=fmt::v5::internal::error_handler
          ]
C:\Users\D3\Desktop\BigBaseV2-master\BigBaseV2\AresMods\vendor\fmtlib\include\fmt\core.h(831): message : see reference to function template instantiation 'internal::result_of<Visitor(int)>::type fmt::v5::visit_format_arg(Visitor &&,const fmt::v5::basic_format_arg<Ctx> &)' being compiled
C:\Users\D3\Desktop\BigBaseV2-master\BigBaseV2\AresMods\vendor\fmtlib\include\fmt\format.h(1684): message : see reference to function template instantiation 'void fmt::v5::internal::set_dynamic_spec<fmt::v5::internal::precision_checker,int,Context,fmt::v5::internal::error_handler>(T &,fmt::v5::basic_format_arg<Context>,ErrorHandler)' being compiled
          with
          [
              Context=fmt::v5::format_context,
              T=int,
              ErrorHandler=fmt::v5::internal::error_handler
          ]
C:\Users\D3\Desktop\BigBaseV2-master\BigBaseV2\AresMods\vendor\fmtlib\include\fmt\format.h(1837): message : see reference to function template instantiation 'void fmt::v5::internal::specs_handler<Context>::on_dynamic_precision<fmt::v5::basic_string_view<char>>(Id)' being compiled
          with
          [
              Context=fmt::v5::format_context,
              Id=fmt::v5::basic_string_view<char>
          ]
C:\Users\D3\Desktop\BigBaseV2-master\BigBaseV2\AresMods\vendor\fmtlib\include\fmt\format.h(1837): message : see reference to function template instantiation 'void fmt::v5::internal::specs_handler<Context>::on_dynamic_precision<fmt::v5::basic_string_view<char>>(Id)' being compiled
          with
          [
              Context=fmt::v5::format_context,
              Id=fmt::v5::basic_string_view<char>
          ]
C:\Users\D3\Desktop\BigBaseV2-master\BigBaseV2\AresMods\vendor\fmtlib\include\fmt\format.h(1836): message : while compiling class template member function 'void fmt::v5::internal::precision_adapter<SpecHandler,Char>::operator ()(fmt::v5::basic_string_view<Char>)'
          with
          [
              SpecHandler=fmt::v5::internal::specs_checker<fmt::v5::internal::specs_handler<fmt::v5::format_context>> &,
              Char=char
          ]
C:\Users\D3\Desktop\BigBaseV2-master\BigBaseV2\AresMods\vendor\fmtlib\include\fmt\format.h(1805): message : see reference to function template instantiation 'void fmt::v5::internal::precision_adapter<SpecHandler,Char>::operator ()(fmt::v5::basic_string_view<Char>)' being compiled
          with
          [
              SpecHandler=fmt::v5::internal::specs_checker<fmt::v5::internal::specs_handler<fmt::v5::format_context>> &,
              Char=char
          ]
C:\Users\D3\Desktop\BigBaseV2-master\BigBaseV2\AresMods\vendor\fmtlib\include\fmt\format.h(1952): message : see reference to class template instantiation 'fmt::v5::internal::precision_adapter<SpecHandler,Char>' being compiled
          with
          [
              SpecHandler=fmt::v5::internal::specs_checker<fmt::v5::internal::specs_handler<fmt::v5::format_context>> &,
              Char=char
          ]
C:\Users\D3\Desktop\BigBaseV2-master\BigBaseV2\AresMods\vendor\fmtlib\include\fmt\format.h(3110): message : see reference to function template instantiation 'const Char *fmt::v5::internal::parse_format_specs<Char,fmt::v5::internal::specs_checker<fmt::v5::internal::specs_handler<Context>>&>(const Char *,const Char *,SpecHandler)' being compiled
          with
          [
              Char=char,
              Context=fmt::v5::format_context,
              SpecHandler=fmt::v5::internal::specs_checker<fmt::v5::internal::specs_handler<fmt::v5::format_context>> &
          ]
C:\Users\D3\Desktop\BigBaseV2-master\BigBaseV2\AresMods\vendor\fmtlib\include\fmt\format.h(3100): message : while compiling class template member function 'const Char *fmt::v5::format_handler<ArgFormatter,Char,Context>::on_format_specs(const Char *,const Char *)'
          with
          [
              Char=char,
              ArgFormatter=fmt::v5::arg_formatter<range>,
              Context=fmt::v5::format_context
          ]
C:\Users\D3\Desktop\BigBaseV2-master\BigBaseV2\AresMods\vendor\fmtlib\include\fmt\format.h(2040): message : see reference to function template instantiation 'const Char *fmt::v5::format_handler<ArgFormatter,Char,Context>::on_format_specs(const Char *,const Char *)' being compiled
          with
          [
              Char=char,
              ArgFormatter=fmt::v5::arg_formatter<range>,
              Context=fmt::v5::format_context
          ]
C:\Users\D3\Desktop\BigBaseV2-master\BigBaseV2\AresMods\vendor\fmtlib\include\fmt\core.h(203,1): warning C4996: 'std::result_of<fmt::v5::internal::width_checker<ErrorHandler> (int)>': warning STL4014: std::result_of and std::result_of_t are deprecated in C++17. They are superseded by std::invoke_result and std::invoke_result_t. You can define _SILENCE_CXX17_RESULT_OF_DEPRECATION_WARNING or _SILENCE_ALL_CXX17_DEPRECATION_WARNINGS to acknowledge that you have received this warning.
          with
          [
              ErrorHandler=fmt::v5::internal::error_handler
          ]
E:\VisualStudio2019\VC\Tools\MSVC\14.26.28801\include\type_traits(1708,45): message : see declaration of 'std::result_of'
C:\Users\D3\Desktop\BigBaseV2-master\BigBaseV2\AresMods\vendor\fmtlib\include\fmt\format.h(1657): message : see reference to class template instantiation 'fmt::v5::internal::result_of<fmt::v5::internal::width_checker<ErrorHandler> (int)>' being compiled
          with
          [
              ErrorHandler=fmt::v5::internal::error_handler
          ]
C:\Users\D3\Desktop\BigBaseV2-master\BigBaseV2\AresMods\vendor\fmtlib\include\fmt\core.h(831): message : see reference to function template instantiation 'internal::result_of<Visitor(int)>::type fmt::v5::visit_format_arg(Visitor &&,const fmt::v5::basic_format_arg<Ctx> &)' being compiled
C:\Users\D3\Desktop\BigBaseV2-master\BigBaseV2\AresMods\vendor\fmtlib\include\fmt\format.h(1678): message : see reference to function template instantiation 'void fmt::v5::internal::set_dynamic_spec<fmt::v5::internal::width_checker,unsigned int,Context,fmt::v5::internal::error_handler>(T &,fmt::v5::basic_format_arg<Context>,ErrorHandler)' being compiled
          with
          [
              Context=fmt::v5::format_context,
              T=unsigned int,
              ErrorHandler=fmt::v5::internal::error_handler
          ]
C:\Users\D3\Desktop\BigBaseV2-master\BigBaseV2\AresMods\vendor\fmtlib\include\fmt\format.h(1817): message : see reference to function template instantiation 'void fmt::v5::internal::specs_handler<Context>::on_dynamic_width<fmt::v5::basic_string_view<char>>(Id)' being compiled
          with
          [
              Context=fmt::v5::format_context,
              Id=fmt::v5::basic_string_view<char>
          ]
C:\Users\D3\Desktop\BigBaseV2-master\BigBaseV2\AresMods\vendor\fmtlib\include\fmt\format.h(1817): message : see reference to function template instantiation 'void fmt::v5::internal::specs_handler<Context>::on_dynamic_width<fmt::v5::basic_string_view<char>>(Id)' being compiled
          with
          [
              Context=fmt::v5::format_context,
              Id=fmt::v5::basic_string_view<char>
          ]
C:\Users\D3\Desktop\BigBaseV2-master\BigBaseV2\AresMods\vendor\fmtlib\include\fmt\format.h(1816): message : while compiling class template member function 'void fmt::v5::internal::width_adapter<Handler,Char>::operator ()(fmt::v5::basic_string_view<Char>)'
          with
          [
              Handler=fmt::v5::internal::specs_checker<fmt::v5::internal::specs_handler<fmt::v5::format_context>> &,
              Char=char
          ]
C:\Users\D3\Desktop\BigBaseV2-master\BigBaseV2\AresMods\vendor\fmtlib\include\fmt\format.h(1805): message : see reference to function template instantiation 'void fmt::v5::internal::width_adapter<Handler,Char>::operator ()(fmt::v5::basic_string_view<Char>)' being compiled
          with
          [
              Handler=fmt::v5::internal::specs_checker<fmt::v5::internal::specs_handler<fmt::v5::format_context>> &,
              Char=char
          ]
C:\Users\D3\Desktop\BigBaseV2-master\BigBaseV2\AresMods\vendor\fmtlib\include\fmt\format.h(1892): message : see reference to class template instantiation 'fmt::v5::internal::width_adapter<Handler,Char>' being compiled
          with
          [
              Handler=fmt::v5::internal::specs_checker<fmt::v5::internal::specs_handler<fmt::v5::format_context>> &,
              Char=char
          ]
C:\Users\D3\Desktop\BigBaseV2-master\BigBaseV2\AresMods\vendor\fmtlib\include\fmt\format.h(1939): message : see reference to function template instantiation 'const Char *fmt::v5::internal::parse_width<Char,fmt::v5::internal::specs_checker<fmt::v5::internal::specs_handler<Context>>&>(const Char *,const Char *,Handler)' being compiled
          with
          [
              Char=char,
              Context=fmt::v5::format_context,
              Handler=fmt::v5::internal::specs_checker<fmt::v5::internal::specs_handler<fmt::v5::format_context>> &
          ]
  script_global.cpp
  script_hook.cpp
C:\Users\D3\Desktop\BigBaseV2-master\BigBaseV2\AresMods\vendor\fmtlib\include\fmt\core.h(203,1): warning C4996: 'std::result_of<fmt::v5::internal::custom_formatter<Char,Context> (int)>': warning STL4014: std::result_of and std::result_of_t are deprecated in C++17. They are superseded by std::invoke_result and std::invoke_result_t. You can define _SILENCE_CXX17_RESULT_OF_DEPRECATION_WARNING or _SILENCE_ALL_CXX17_DEPRECATION_WARNINGS to acknowledge that you have received this warning.
          with
          [
              Char=char,
              Context=fmt::v5::format_context
          ]
E:\VisualStudio2019\VC\Tools\MSVC\14.26.28801\include\type_traits(1708,45): message : see declaration of 'std::result_of'
C:\Users\D3\Desktop\BigBaseV2-master\BigBaseV2\AresMods\vendor\fmtlib\include\fmt\format.h(3104): message : see reference to class template instantiation 'fmt::v5::internal::result_of<fmt::v5::internal::custom_formatter<Char,Context> &(int)>' being compiled
          with
          [
              Char=char,
              Context=fmt::v5::format_context
          ]
C:\Users\D3\Desktop\BigBaseV2-master\BigBaseV2\AresMods\vendor\fmtlib\include\fmt\core.h(831): message : see reference to function template instantiation 'internal::result_of<Visitor(int)>::type fmt::v5::visit_format_arg(Visitor &&,const fmt::v5::basic_format_arg<Ctx> &)' being compiled
C:\Users\D3\Desktop\BigBaseV2-master\BigBaseV2\AresMods\vendor\fmtlib\include\fmt\format.h(3100): message : while compiling class template member function 'const Char *fmt::v5::format_handler<ArgFormatter,Char,Context>::on_format_specs(const Char *,const Char *)'
          with
          [
              Char=char,
              ArgFormatter=fmt::v5::arg_formatter<range>,
              Context=fmt::v5::format_context
          ]
C:\Users\D3\Desktop\BigBaseV2-master\BigBaseV2\AresMods\vendor\fmtlib\include\fmt\format.h(2040): message : see reference to function template instantiation 'const Char *fmt::v5::format_handler<ArgFormatter,Char,Context>::on_format_specs(const Char *,const Char *)' being compiled
          with
          [
              Char=char,
              ArgFormatter=fmt::v5::arg_formatter<range>,
              Context=fmt::v5::format_context
          ]
C:\Users\D3\Desktop\BigBaseV2-master\BigBaseV2\AresMods\vendor\fmtlib\include\fmt\format.h(3129): message : see reference to class template instantiation 'fmt::v5::format_handler<ArgFormatter,Char,Context>' being compiled
          with
          [
              ArgFormatter=fmt::v5::arg_formatter<range>,
              Char=char,
              Context=fmt::v5::format_context
          ]
C:\Users\D3\Desktop\BigBaseV2-master\BigBaseV2\AresMods\vendor\fmtlib\include\fmt\format.h(3238): message : see reference to function template instantiation 'OutputIt fmt::v5::vformat_to<fmt::v5::arg_formatter<range>,char,fmt::v5::format_context>(fmt::v5::back_insert_range<fmt::v5::internal::buffer>,fmt::v5::basic_string_view<char>,fmt::v5::basic_format_args<fmt::v5::format_context>,fmt::v5::internal::locale_ref)' being compiled
          with
          [
              OutputIt=std::back_insert_iterator<fmt::v5::internal::basic_buffer<char>>
          ]
C:\Users\D3\Desktop\BigBaseV2-master\BigBaseV2\AresMods\vendor\fmtlib\include\fmt\format.h(3414): message : see reference to function template instantiation 'OutputIt fmt::v5::internal::vformat_to<char>(fmt::v5::internal::basic_buffer<char> &,fmt::v5::basic_string_view<char>,fmt::v5::basic_format_args<fmt::v5::format_context>)' being compiled
          with
          [
              OutputIt=std::back_insert_iterator<fmt::v5::internal::basic_buffer<char>>
          ]
C:\Users\D3\Desktop\BigBaseV2-master\BigBaseV2\AresMods\vendor\fmtlib\include\fmt\core.h(1455): message : see reference to function template instantiation 'std::basic_string<char,std::char_traits<char>,std::allocator<char>> fmt::v5::internal::vformat<char>(fmt::v5::basic_string_view<char>,fmt::v5::basic_format_args<fmt::v5::format_context>)' being compiled
C:\Users\D3\Desktop\BigBaseV2-master\BigBaseV2\AresMods\AresMods\src\logger.hpp(85): message : see reference to function template instantiation 'std::basic_string<char,std::char_traits<char>,std::allocator<char>> fmt::v5::format<char[23],int,int,int>(const S (&),const int &,const int &,const int &)' being compiled
          with
          [
              S=char [23]
          ]
C:\Users\D3\Desktop\BigBaseV2-master\BigBaseV2\AresMods\AresMods\src\logger.hpp(127): message : see reference to function template instantiation 'void big::logger::log<const char*,void*>(big::log_color,std::string_view,std::string_view,const char *const &,void *const &)' being compiled
C:\Users\D3\Desktop\BigBaseV2-master\BigBaseV2\AresMods\AresMods\src\script_hook.cpp(61): message : see reference to function template instantiation 'void big::log_info<const char*,void*>(std::string_view,const char *const &,void *const &)' being compiled
C:\Users\D3\Desktop\BigBaseV2-master\BigBaseV2\AresMods\vendor\fmtlib\include\fmt\core.h(203,1): warning C4996: 'std::result_of<fmt::v5::arg_formatter<range> (int)>': warning STL4014: std::result_of and std::result_of_t are deprecated in C++17. They are superseded by std::invoke_result and std::invoke_result_t. You can define _SILENCE_CXX17_RESULT_OF_DEPRECATION_WARNING or _SILENCE_ALL_CXX17_DEPRECATION_WARNINGS to acknowledge that you have received this warning.
E:\VisualStudio2019\VC\Tools\MSVC\14.26.28801\include\type_traits(1708,45): message : see declaration of 'std::result_of'
C:\Users\D3\Desktop\BigBaseV2-master\BigBaseV2\AresMods\vendor\fmtlib\include\fmt\format.h(3114): message : see reference to class template instantiation 'fmt::v5::internal::result_of<ArgFormatter (int)>' being compiled
          with
          [
              ArgFormatter=fmt::v5::arg_formatter<range>
          ]
C:\Users\D3\Desktop\BigBaseV2-master\BigBaseV2\AresMods\vendor\fmtlib\include\fmt\core.h(831): message : see reference to function template instantiation 'internal::result_of<Visitor(int)>::type fmt::v5::visit_format_arg(Visitor &&,const fmt::v5::basic_format_arg<Ctx> &)' being compiled
C:\Users\D3\Desktop\BigBaseV2-master\BigBaseV2\AresMods\vendor\fmtlib\include\fmt\core.h(203,1): warning C4996: 'std::result_of<fmt::v5::internal::precision_checker<ErrorHandler> (int)>': warning STL4014: std::result_of and std::result_of_t are deprecated in C++17. They are superseded by std::invoke_result and std::invoke_result_t. You can define _SILENCE_CXX17_RESULT_OF_DEPRECATION_WARNING or _SILENCE_ALL_CXX17_DEPRECATION_WARNINGS to acknowledge that you have received this warning.
          with
          [
              ErrorHandler=fmt::v5::internal::error_handler
          ]
E:\VisualStudio2019\VC\Tools\MSVC\14.26.28801\include\type_traits(1708,45): message : see declaration of 'std::result_of'
C:\Users\D3\Desktop\BigBaseV2-master\BigBaseV2\AresMods\vendor\fmtlib\include\fmt\format.h(1657): message : see reference to class template instantiation 'fmt::v5::internal::result_of<fmt::v5::internal::precision_checker<ErrorHandler> (int)>' being compiled
          with
          [
              ErrorHandler=fmt::v5::internal::error_handler
          ]
C:\Users\D3\Desktop\BigBaseV2-master\BigBaseV2\AresMods\vendor\fmtlib\include\fmt\core.h(831): message : see reference to function template instantiation 'internal::result_of<Visitor(int)>::type fmt::v5::visit_format_arg(Visitor &&,const fmt::v5::basic_format_arg<Ctx> &)' being compiled
C:\Users\D3\Desktop\BigBaseV2-master\BigBaseV2\AresMods\vendor\fmtlib\include\fmt\format.h(1684): message : see reference to function template instantiation 'void fmt::v5::internal::set_dynamic_spec<fmt::v5::internal::precision_checker,int,Context,fmt::v5::internal::error_handler>(T &,fmt::v5::basic_format_arg<Context>,ErrorHandler)' being compiled
          with
          [
              Context=fmt::v5::format_context,
              T=int,
              ErrorHandler=fmt::v5::internal::error_handler
          ]
C:\Users\D3\Desktop\BigBaseV2-master\BigBaseV2\AresMods\vendor\fmtlib\include\fmt\format.h(1837): message : see reference to function template instantiation 'void fmt::v5::internal::specs_handler<Context>::on_dynamic_precision<fmt::v5::basic_string_view<char>>(Id)' being compiled
          with
          [
              Context=fmt::v5::format_context,
              Id=fmt::v5::basic_string_view<char>
          ]
C:\Users\D3\Desktop\BigBaseV2-master\BigBaseV2\AresMods\vendor\fmtlib\include\fmt\format.h(1837): message : see reference to function template instantiation 'void fmt::v5::internal::specs_handler<Context>::on_dynamic_precision<fmt::v5::basic_string_view<char>>(Id)' being compiled
          with
          [
              Context=fmt::v5::format_context,
              Id=fmt::v5::basic_string_view<char>
          ]
C:\Users\D3\Desktop\BigBaseV2-master\BigBaseV2\AresMods\vendor\fmtlib\include\fmt\format.h(1836): message : while compiling class template member function 'void fmt::v5::internal::precision_adapter<SpecHandler,Char>::operator ()(fmt::v5::basic_string_view<Char>)'
          with
          [
              SpecHandler=fmt::v5::internal::specs_checker<fmt::v5::internal::specs_handler<fmt::v5::format_context>> &,
              Char=char
          ]
C:\Users\D3\Desktop\BigBaseV2-master\BigBaseV2\AresMods\vendor\fmtlib\include\fmt\format.h(1805): message : see reference to function template instantiation 'void fmt::v5::internal::precision_adapter<SpecHandler,Char>::operator ()(fmt::v5::basic_string_view<Char>)' being compiled
          with
          [
              SpecHandler=fmt::v5::internal::specs_checker<fmt::v5::internal::specs_handler<fmt::v5::format_context>> &,
              Char=char
          ]
C:\Users\D3\Desktop\BigBaseV2-master\BigBaseV2\AresMods\vendor\fmtlib\include\fmt\format.h(1952): message : see reference to class template instantiation 'fmt::v5::internal::precision_adapter<SpecHandler,Char>' being compiled
          with
          [
              SpecHandler=fmt::v5::internal::specs_checker<fmt::v5::internal::specs_handler<fmt::v5::format_context>> &,
              Char=char
          ]
C:\Users\D3\Desktop\BigBaseV2-master\BigBaseV2\AresMods\vendor\fmtlib\include\fmt\format.h(3110): message : see reference to function template instantiation 'const Char *fmt::v5::internal::parse_format_specs<Char,fmt::v5::internal::specs_checker<fmt::v5::internal::specs_handler<Context>>&>(const Char *,const Char *,SpecHandler)' being compiled
          with
          [
              Char=char,
              Context=fmt::v5::format_context,
              SpecHandler=fmt::v5::internal::specs_checker<fmt::v5::internal::specs_handler<fmt::v5::format_context>> &
          ]
C:\Users\D3\Desktop\BigBaseV2-master\BigBaseV2\AresMods\vendor\fmtlib\include\fmt\format.h(3100): message : while compiling class template member function 'const Char *fmt::v5::format_handler<ArgFormatter,Char,Context>::on_format_specs(const Char *,const Char *)'
          with
          [
              Char=char,
              ArgFormatter=fmt::v5::arg_formatter<range>,
              Context=fmt::v5::format_context
          ]
C:\Users\D3\Desktop\BigBaseV2-master\BigBaseV2\AresMods\vendor\fmtlib\include\fmt\format.h(2040): message : see reference to function template instantiation 'const Char *fmt::v5::format_handler<ArgFormatter,Char,Context>::on_format_specs(const Char *,const Char *)' being compiled
          with
          [
              Char=char,
              ArgFormatter=fmt::v5::arg_formatter<range>,
              Context=fmt::v5::format_context
          ]
C:\Users\D3\Desktop\BigBaseV2-master\BigBaseV2\AresMods\vendor\fmtlib\include\fmt\core.h(203,1): warning C4996: 'std::result_of<fmt::v5::internal::width_checker<ErrorHandler> (int)>': warning STL4014: std::result_of and std::result_of_t are deprecated in C++17. They are superseded by std::invoke_result and std::invoke_result_t. You can define _SILENCE_CXX17_RESULT_OF_DEPRECATION_WARNING or _SILENCE_ALL_CXX17_DEPRECATION_WARNINGS to acknowledge that you have received this warning.
          with
          [
              ErrorHandler=fmt::v5::internal::error_handler
          ]
E:\VisualStudio2019\VC\Tools\MSVC\14.26.28801\include\type_traits(1708,45): message : see declaration of 'std::result_of'
C:\Users\D3\Desktop\BigBaseV2-master\BigBaseV2\AresMods\vendor\fmtlib\include\fmt\format.h(1657): message : see reference to class template instantiation 'fmt::v5::internal::result_of<fmt::v5::internal::width_checker<ErrorHandler> (int)>' being compiled
          with
          [
              ErrorHandler=fmt::v5::internal::error_handler
          ]
C:\Users\D3\Desktop\BigBaseV2-master\BigBaseV2\AresMods\vendor\fmtlib\include\fmt\core.h(831): message : see reference to function template instantiation 'internal::result_of<Visitor(int)>::type fmt::v5::visit_format_arg(Visitor &&,const fmt::v5::basic_format_arg<Ctx> &)' being compiled
C:\Users\D3\Desktop\BigBaseV2-master\BigBaseV2\AresMods\vendor\fmtlib\include\fmt\format.h(1678): message : see reference to function template instantiation 'void fmt::v5::internal::set_dynamic_spec<fmt::v5::internal::width_checker,unsigned int,Context,fmt::v5::internal::error_handler>(T &,fmt::v5::basic_format_arg<Context>,ErrorHandler)' being compiled
          with
          [
              Context=fmt::v5::format_context,
              T=unsigned int,
              ErrorHandler=fmt::v5::internal::error_handler
          ]
C:\Users\D3\Desktop\BigBaseV2-master\BigBaseV2\AresMods\vendor\fmtlib\include\fmt\format.h(1817): message : see reference to function template instantiation 'void fmt::v5::internal::specs_handler<Context>::on_dynamic_width<fmt::v5::basic_string_view<char>>(Id)' being compiled
          with
          [
              Context=fmt::v5::format_context,
              Id=fmt::v5::basic_string_view<char>
          ]
C:\Users\D3\Desktop\BigBaseV2-master\BigBaseV2\AresMods\vendor\fmtlib\include\fmt\format.h(1817): message : see reference to function template instantiation 'void fmt::v5::internal::specs_handler<Context>::on_dynamic_width<fmt::v5::basic_string_view<char>>(Id)' being compiled
          with
          [
              Context=fmt::v5::format_context,
              Id=fmt::v5::basic_string_view<char>
          ]
C:\Users\D3\Desktop\BigBaseV2-master\BigBaseV2\AresMods\vendor\fmtlib\include\fmt\format.h(1816): message : while compiling class template member function 'void fmt::v5::internal::width_adapter<Handler,Char>::operator ()(fmt::v5::basic_string_view<Char>)'
          with
          [
              Handler=fmt::v5::internal::specs_checker<fmt::v5::internal::specs_handler<fmt::v5::format_context>> &,
              Char=char
          ]
C:\Users\D3\Desktop\BigBaseV2-master\BigBaseV2\AresMods\vendor\fmtlib\include\fmt\format.h(1805): message : see reference to function template instantiation 'void fmt::v5::internal::width_adapter<Handler,Char>::operator ()(fmt::v5::basic_string_view<Char>)' being compiled
          with
          [
              Handler=fmt::v5::internal::specs_checker<fmt::v5::internal::specs_handler<fmt::v5::format_context>> &,
              Char=char
          ]
C:\Users\D3\Desktop\BigBaseV2-master\BigBaseV2\AresMods\vendor\fmtlib\include\fmt\format.h(1892): message : see reference to class template instantiation 'fmt::v5::internal::width_adapter<Handler,Char>' being compiled
          with
          [
              Handler=fmt::v5::internal::specs_checker<fmt::v5::internal::specs_handler<fmt::v5::format_context>> &,
              Char=char
          ]
C:\Users\D3\Desktop\BigBaseV2-master\BigBaseV2\AresMods\vendor\fmtlib\include\fmt\format.h(1939): message : see reference to function template instantiation 'const Char *fmt::v5::internal::parse_width<Char,fmt::v5::internal::specs_checker<fmt::v5::internal::specs_handler<Context>>&>(const Char *,const Char *,Handler)' being compiled
          with
          [
              Char=char,
              Context=fmt::v5::format_context,
              Handler=fmt::v5::internal::specs_checker<fmt::v5::internal::specs_handler<fmt::v5::format_context>> &
          ]
  script_mgr.cpp
  vmt_hook.cpp
  Generating Code...
  AresMods.vcxproj -> C:\Users\D3\Desktop\BigBaseV2-master\BigBaseV2\AresMods\AresMods\..\bin\Debug\AresMods.dll
